
--------------- 2024년 11월 1일 금요일 ---------------
[꿈에그린자동매매] [오전 9:54] 6월 중순에 게만아님 강의 수강한 후로 국내와 해외주식은 일단 제껴두고 우선 코인만 팬다 생각하고 바이낸스에서 선물 양방향 투자를 시작했습니다.
처음에는 레버리지를 무식하게 50배, 100배 썼다가 150만원 까먹고...
9월 말에 심기일전해서 80만원(570달러) 투자 후  꾸준히 조건 및 레버리지(현재 5배) 조정해가며 자동매매해 왔는데, 1개월만에 1,550달러 정도 되었네요...
이 정도면 수익 나쁘지 않은거겠지요?
[비기너] [오전 9:55] 축하합니다~
[케빈느] [오전 9:57] 오.. 축하드립니다~~ mdd 방어만 잘 되면 최고죠 
[꿈에그린자동매매] [오전 9:58] 감사합니다. 일단 년말까지 지켜본 후 년말쯤 5천달러 정도만 근접해도 실탄 조금 더 실어보려고요
[mornian_모니안] [오전 9:58] 크~저는 업비트만 패고 있는데, 바이낸스도 곧 해야겠네요...ㅎ
[꿈에그린자동매매] [오전 9:58] 사진
[케빈느] [오전 9:59] 이쁘네요 ㅎㅎ
[꿈에그린자동매매] [오전 10:00] 저도 게만아님처럼 디지털노마드가 되고 싶거든요 ㅎ
[꿀따리] [오전 10:04] 양방향을 쓰시는분이 있군요
[꿀따리] [오전 10:04] 후기가 궁금했는데 
[꿈에그린자동매매] [오전 10:08] 저는 예전부터 양방향 생각하던게 있어서 혼자 만들어서 테스트해봤는데 번번히 실패...
게만아님 강의 들으니 양방향 강의 있어서 조건은 게만아님 조건과 조금 다르게 설정했어요.
[꿀따리] [오전 10:25] 좋네요 :) 
[초롱초롱 네오] [오전 10:27] 멋져요
[회사를취미로다니자] [오전 10:30] 저도 양방향으로
하고있는데 계속 손실을 ㅜㅜ
어떤컨셉으로 코드를 하셨는지
여쭤봐도 될까요??
어떤지표를 롱숏에 보시는지?
어떤 봉을 보샤요??

[꿈에그린자동매매] [오전 10:36] 그냥 아주 단순하게 이동평균선 기준으로 잡았어요...
[꿈에그린자동매매] [오전 10:39] 봉 기준은 어차피 자동매매라 빠르게 대응시키려고 1분봉 기준으로 했고요
[꿈에그린자동매매] [오전 10:41] 진입은 rsi도 함께 보고 청산은 rsi 무시하고 일정수익 되면 청산 시작...
[회사를취미로다니자] [오전 10:42] 답변너무 감사해요
저도 1분으로 했는데 승률은 괜찮은데
거래가 많아지니까 수수료문제가 있더라구요
손익은 얼마보고 허세요??
[꿈에그린자동매매] [오전 10:44] 일주일 전까지는 1.5%로 잡았었는데 일주일전부터 0.7%로 변경했더니 오히려 양빵 다 수익 나더라고요
[꿈에그린자동매매] [오전 10:45] 사진
[꿈에그린자동매매] [오전 10:46] 최근 일주일 승률입니다. 양빵은 오히려 수익률 작게 가져가는게 더 좋더라고요
[열심히 일하는 네오] [오전 10:50] 챠트 아름답네요 굿입니다!!!
[꿈에그린자동매매] [오전 10:55] 감사합니다. ^^
그래도 시행착오 두달 거쳐서 구현한건데, 레버리지는 5배 정도가 제일 무난하더라고요 
20배 이상 100배까지 썼다가 급변할 때 폭망 ㅋ
[안녕하세요] [오전 10:58] 저두요
[회사를취미로다니자] [오전 10:59] 도움 많이 되었습니다
노하우를 공유해주셔서 고맙습니다
저도 시도해보겠습니다
[안녕하세요] [오전 11:00] 연복리 20%로면 코인 단순 보유 수익보다 낮은건가요?
[꿈에그린자동매매] [오전 11:00] 회사를 취미로 다니는 날이 꼭 오시기를...^^;
[it's me] [오전 11:08] 와 좋은정보 감사합니다! 저도 연구해볼께요!!


[벌 서는 라이언] [오전 11:11] 자동매매는 아니지만 어디 말할곳도 없고 오래 가지고있는 수익률 높은 종목 공유해보아여
[벌 서는 라이언] [오전 11:11] 사진
[퇴근하는 프로도] [오전 11:11] 이모티콘
[안녕하세요] [오전 11:12] 엄청나네요
[열심히 일하는 네오] [오전 11:12] 와우 능력자분들 지리네요
[꿈에그린자동매매] [오전 11:13] 저 수익률 실화입니까?
얼마나 가지고 계셨길래...
[벌 서는 라이언] [오전 11:13] 기다림도 능력이라면 능력인가요?? ㅋㅋㅋ
[꿈에그린자동매매] [오전 11:13] 당연히 능력이지요...
저는 몇달도 못 기다리는데 ㅋ
[퇴근하는 프로도] [오전 11:14] 존버는 성공한다 느낌이군요
[꿈에그린자동매매] [오전 11:16] 종목을 잘 볼줄 아는 능력도 있어야지요 ㅎ


저는 종목선정은 젬병이라 그냥 무난한 비트코인이나 이더리움 선물에 주력하려고요 ㅎ
[안녕하세요] [오전 11:21] 저도 바이낸스 입문해야되나 싶네요
[꿈에그린자동매매] [오전 11:25] 바이낸스가 초기투자금 많이 없이도 가능하니까 입문해 보세요...
초기에는 맛 본다 생각하고 500달러 미만으로 투자해서 레버 5배 미만으로 잡고 움직이면 괜찮을 듯요
[땅파] [오전 11:38] 국내투자 자동매매 어떤거 투자들 하세요?
[꿈에그린자동매매] [오전 11:43] 저는 국내투자, 나스닥선물 작년부터 했는데 뇌동매매 때문에 수익은 짧게 손실은 길게...ㅋㅋ
아직도 국내현물투자는 손실중입니다. ㅠㅠ

그래서 그냥 손매매 말고 자동매매 해 보자 생각해서 바이낸스 선물을 자동매매 시작한거예요...
[땅파] [오전 11:47] 저는 자동매매 시작한지 1주일 정도 되었어요 
[꿈에그린자동매매] [오전 11:52] 아...저는 3달 정도 됐어요...ㅎ
[비트주세요] [오전 11:58] 대단하시네요.. 위에 수익은 게만아님 수업중에 양방향 거미줄 봇을 수정하셔서 하셨었나요?
[꿈에그린자동매매] [오후 12:16] 네...맞아요.
거미줄 매매 응용한거예요 ^^
[비트주세요] [오후 12:20] 응용하셨다면.. 거미줄매매도 워낙다양해서, 아예다를수도 있겠네요? 단순 변수 조정한 수준을 넘어서..
[꿈에그린자동매매] [오후 12:24] 네, 나름의 생각했던 컨셉과 게만아님 강의를 적절히 응용했어요.
[비트주세요] [오후 12:27] 아하 저도 그렇게 짜고 돌려보고있는데.. 암튼 수익이 상당하시네요 


[꿈에그린자동매매] [오후 12:36] 처음 한달 50만원 투자했다가 실패, 두달째에 100만원 투자했다가 실패...
결국 두번의 시행착오를 거친 후에 찾아낸 방법인데 시장상황에 따라 또 어떻게 달라질지 아직은 미지수입니다.


===========================
다만, 이 추세대로 가서 금년 내로 5,000달러 가게 되면(?) 조건 변경없이 진입, 청산 수량만 지금보다 늘려서(이미 초기 500달러 수준의 진입, 청산 수량을 조금 늘리긴 했지만) 5,000 달러를 종잣돈으로 제대로 해 보려고요 ㅎ
[비트주세요] [오후 12:39] 글쿤요.. 저는 이전에 타사프로그램으로 몇년 굴려놓은 전략이 있어서 그걸로 짜서 해보고있습니다..물론 거미줄이긴합니다. 그때는 음 연 150프로정도 나왔었고요.. 시드가 커지니 안정적으로 오래돌리는게 최고더군요.. 
[꿈에그린자동매매] [오후 12:41] 저도 두번 로스컷 당하고 그 다음부터는 수익보다도 안정적인 운영에 치중하는 편입니다. 안정적인 운영이 최고지요 ^^
[꿈에그린자동매매] [오후 12:50] 연 150%도 상당히 큰 수익이네요...
다만 저는 자동매매 돌려놓고 여행 다니려고 생각해서 일정 수준 도달하면 매일 200~300달러 정도씩 출금할 수 있도록 만든어 놓는게 최종목표입니다. ^^;
[비트주세요] [오후 12:52] 좋네요.. 아마 분봉매매시니 제가 하는거랑은 많이 다르긴합니다만 말씀하시는걸보니 분봉매매도 고민해봐야겠네요 ㅎ
[코딩하자] [오후 12:54] 다들 멋지시네요!!! :)
[꿈에그린자동매매] [오후 1:03] 제가 생각하는 컨셉은 분봉매매가 최적인거 같아서요 ^^
다만 아직도 한가지 리스크는 헷징을 못 하고 있는데 몇일간 계속 한 방향으로 가게 되면 이것어 대한 헷징을 어떻게 해야 할지는 고민입니다.
처음에는 포지션 비율에 따라 4:6 이나 3:7 비율 되면 적은 포지션의 청산 및 많은 포지션의 진입을 중단시키는것도 돌려봤는데 이 역시도 여러 변수를 감안하면 매매의 최적화는 아니라...
헷징 방법을 찾아내는게 최종목표이긴 합니다.
[비트주세요] [오후 1:05] 저는 헷징없는.. 청산없는 매매를 지향합니다^^ 롱만해서, 단점은 조금은 경험치가 있어야 되긴합니다. 폭락장같은경우.
[꿈에그린자동매매] [오후 1:08] 저는 그냥 자동매매 돌려놓고 신경전혀 안 쓰고 매일 일정금액 출금하는게 최종목표라 헷징도 헷징이지만 매일매일 적절한 청산타이밍 잡는게 최우선 목표라서요 
[꿈에그린자동매매] [오후 1:09] 거기다 헷징까지 되도록 해 놓으면 금상첨화...그게 최종목표구요 ㅎㅎㅎ
[생각하는 라이언] [오후 1:57] 대단하십니다!!
[it's me] [오후 2:00] @꿈에그린자동매매 이런질문 해도 실례가 안된다면.. 종목은 비트코인으로 진행하시고 계신가요~?
[꿈에그린자동매매] [오후 2:02] 아직은 그냥 희망입니다. ㅎ
[꿈에그린자동매매] [오후 2:04] 아니요...이더리움선물만 하고 있습니다. 향후 종목다변화도 생각중입니다만...
[it's me] [오후 2:04] 오호!! 넵 감사합니다~!!
[꿈에그린자동매매] [오후 2:04] 원 별 말씀을...^^
[초롱초롱 네오] [오후 2:06] 엇... 왜 비트는 안 하시고? 이더만 하시나요?
[비트주세요] [오후 2:07] 이더가 변동성이 더크거든요..
[초롱초롱 네오] [오후 2:08] 아하...
[꿈에그린자동매매] [오후 2:08] ^^;
[택배 상자를 든 네오] [오후 2:21] 코인에서 어떤 전략이 괜찮아보이시나요? 저는 안전비트이더랑 할트하는데, 벌었다가 본전이다가 왔다갔다하네요.. 트레일링스탑 하도록 추가를 하는게 좋으려나요 혹시 추천할만한 전략 있으실까요
[안녕하세요] [오후 2:24] 저도 그렇네요 애간장타네요 ㅋㅋ

[초롱초롱 네오] [오후 4:25] API 자동매매때문에 빗썸 검찰 압수수색 들어갔다는데 저희가 하는건 아무 상관 없는거죠?
[비기너] [오후 4:27] https://v.daum.net/v/20241101140617886
[비기너] [오후 4:27] 이거 말씀하신건가요
[비기너] [오후 4:28] 혐의자가 해외 가상자산 발행재단으로부터 전송받은 코인을 국내 가상자산거래소에서 높은 가격에 매도할 목적으로, 대량 고가 매수주문을 제출한 후 API를 통해 허수 매수주문을 지속·반복하면서 시세와 거래량을 인위적으로 변동시켜 일반 이용자가 해당 코인에 대량의 매수세가 유입된 것으로 오인하도록 하는 전형적인 시세조종 방식이 이뤄진 것으로 드러났다.
[비기너] [오후 4:28] api자동매매 자체의 잘못은 아닌거 같습니다 혐의자가 api를 범죄도구로 활용 해서요
[비기너] [오후 5:09] 빗썸 압수수색은 빗썸 api 허점이 의도적인지 오류인지 밝히기 위함 인거 같습니다 일단 api허점이 악용되서 생긴 묹같네요

--------------- 2024년 11월 2일 토요일 ---------------
[네오] [오전 12:04] 사진
[네오] [오전 12:05] 삭제된 메시지입니다.
[네오] [오전 12:09] 해결되었습니다! 매도처리되었네요

[깡통만차는사람] [오전 10:32] 바이낸스 봇을 돌리려고하는데 ende_key 관련해서 계속 오류가 생기는데 복호화 없이 그냥 진행하는 방법이 설명되어있는 자료가 있을까요?
[안녕하세요] [오전 10:50] 게만아님 바이낸스 봇 쓰시는분 있으신가요?

[네오] [오후 12:55] Tqqq양방향매매 테스트봇 돌릴때 날짜 바꾸는거 어디서 해야하나요?
[네오] [오후 12:55] 날짜를 최근 3년으로 바꾸고 싶으면요 28번 전략이요
[네오] [오후 12:57] 28번전략에 게만아님포스팅에는 백테스트 수익률이 4000%로 나와있는데 (2023년 5월기준) 제가 오늘날짜까지 돌리니까 2000% 뜨네요. 전략이 맛이 간걸까요..?
[네오] [오후 1:01] 수익률환산하면 25%정도인데 이정도도충분히높아서 mdd30%정도인거감안하면 그냥가져갈까싶긴한데 혹시전략이맛이간건아닌가하구요..
[열심히 일하는 네오] [오후 1:37] 다계좌매매를 하고싶어서 101보고 따라하고있는데, 실계좌1개와 가상계좌1개의 토큰만 발행이 되네요.
[열심히 일하는 네오] [오후 1:37] Real2 토큰이 발행이 안되어서.. 여쭤봅니당
[열심히 일하는 네오] [오후 1:50] 해결되었습니다.
[네오] [오후 1:52] 그리고 백테스트는 업데이트가 9월인데 봇 자체는 4월로 되어있는거 같아요. 둘이 좀 다른거같기도 하구요. 어떻게 된건지 알 수 있을까요?
[중용] [오후 2:22] 사진
[중용] [오후 2:23] 바이낸스에 얼마른 최소넣어야 하나요

[압둘라tm] [오후 8:45] 안녕하세요
[압둘라tm] [오후 8:46] 자동매매 토큰 발급하는데 IRP계좌 토큰 만 발급이 안되는데 
[압둘라tm] [오후 8:46] 혹시 무슨 문제 때문일까요??
[압둘라tm] [오후 8:48] 사진

--------------- 2024년 11월 3일 일요일 ---------------
[투자는 게만아] [오전 9:13] 자동매매 가이드
https://m.blog.naver.com/zacra/223086628069

여기 있습니다.
업비트처럼 그냥 암호화 없이 직접 키를 넣으시면 됩니다.

[투자는 게만아] [오전 9:13] 사진
[투자는 게만아] [오전 9:14] 모든 코드에는 주석에 보셔야 하는 포스팅이 있으니 정독을 해주셔요 :)
[투자는 게만아] [오전 9:14] 사진
[투자는 게만아] [오전 9:15] 최소주문수량은 레버리지가 얼마이던 정해져 있기에 (비트는 최근에는 0.002)
가격을 역산해보시면 됩니다.
예로 비트코인의 경우 레버리지가 2배라면 현재 69USDT정도가 최소 주문가격이 되겠네요!

[투자는 게만아] [오전 9:15] 사진
[투자는 게만아] [오전 9:15] REAL3를 커버할 수 있게 KIS_Common.py 파일을 직접 수정하신건지 체크하세요 (챕터8-1 다계좌 매매 참고요) :)

[생각하는 라이언] [오전 9:44] 안녕하세요^^ API는 총 몇 개 계좌까지 사용 가능한지 아시는 분 계실까요?
[Joseph] [오후 12:25] 실계좌 제가 돌리고 있는건 ..
(저번주에 세팅 시작했지만요 ..) 

위탁계좌 2개
ISA 1개
IRP 개 - 확인만 가능, 매매는 안된다네요. 
연금계좌 1개. 

총 4개 돌리고 있네요. 
갯수제한은 딱히 없는걸로 보입니다. 
[Joseph] [오후 12:25] 몇개를 돌릴지 먼저 계획을 세워두는것도 방법일듯 하네요
[생각하는 라이언] [오후 1:41] 감사합니다!!
[퇴근하는 프로도] [오후 1:44] 이모티콘
[경례하는 프로도] [오후 3:04] 아마존이용관련 질문입니다. 인스턴스 종료했는데 매월 5000원정도씩 과금되는문제는 어떻게 해결할수있을까요?
구글링해서 탄력적ip삭제, 보안그룹 삭제도 알아봤는데 이미 되어있는데 왜 계속 과금되는지 모르겠습니다. 혹시 비슷한 문제 있는분 계셨는지..
[경례하는 프로도] [오후 3:05] 사진 2장
[열심히 일하는 네오] [오후 3:41] 타 지역에도 만들어져 있는건 아니겠죠?
[it's me] [오후 5:06] 안녕하세요.
바이낸스 양방향 거미줄 전략 사용중인데
실행 시 Exception에 'entryPrice'가 출력되어 확인 해보니 balance['info']['positions']에 'entryPrice'가 누락되어 있는거 같은데 요거 해결방안이 있을까요~?
[it's me] [오후 5:08] 출력해보면 이렇게 나와요.. ('entryPrice'는 없음)

{'initialMargin': '102.89692251',
 'isolatedMargin': '12.56392291',
 'isolatedWallet': '12.28135549',
 'maintMargin': '0.24485653',
 'notional': '-61.21413257',
 'positionAmt': '-0.025',
 'positionSide': 'SHORT',
 'symbol': 'ETHUSDT',
 'unrealizedProfit': '0.28256742',
 'updateTime': '1730620800338'}
[김성엽] [오후 5:12] 삭제된 메시지입니다.
[김성엽] [오후 5:17] 저는
position 정보를 따로 받아서 가져왔습니다.

positions = binanceX.fetch_positions(params={"type": "future"})

# 숏 포지션의 entryPrice 확인
            for pos in positions:
                if pos['info']['positionSide'] == 'SHORT' and pos['info']['symbol'] == Target_Coin_Symbol:
                    entryPrice_s = float(pos['info']['entryPrice'])
                    print("Short Entry Price:", entryPrice_s)
[it's me] [오후 5:26] PC에서 조회 할때에는 entryPrice가 안나오더니 AWS에서 실행하니까 여기에는 또 나오네요 ㅠㅠ 무슨 차이인지..
[kevin] [오후 6:12] 9월달에 kis common과 kis api helper Kr이 업데이트되었더군요. 블로그에 kis common은 설명이 있어서 이해했는데 helper는 어떤 부분이 업데이트 된건지요?
[kevin] [오후 6:29] 미국baa, snow, simple power 3가지 전략을 쓰는데 bas와 snow에 공통으로 들어있는 TIP 종목이 매수, 매도 되는 현상이 있네요. 중복되어 있을때 한쪽에서는 매수, 다른쪽에서는 매도가 되었나봅니다. 이럴땐 중복되는 종목을 교체해야 이런 현상이 없을지요?
[투자는 게만아] [오후 9:26] 실제 어디서 과금이 되고 있는지
세부내역을 체크해 보셔야 할 듯요 :)
[투자는 게만아] [오후 9:26] ccxt버전이 다른 듯 보여요 :)
pip3 install —upgrade ccxt==4.2.19
[투자는 게만아] [오후 9:27] pip3 install --upgrade ccxt==4.2.19 아 이거요 자꾸 카톡에선 --이게 — 이렇게 합쳐지네요
[투자는 게만아] [오후 9:27] 정보가 모호해서 찾아봤는데
https://blog.naver.com/zacra/223571914494
분봉 추가를 보신 듯 합니다 :)

[투자는 게만아] [오후 9:27] 네 :)
여러 전략이 같은 종목을 포트폴리오로 담고 있다면
로직이 꼬이는 현상은 불 보듯 뻔한 거라 (A는 매수했는데 B가 바로 매도하는 등) 
조치가 필요합니다.
계좌를 분리하거나 유사ETF로 교체하거나 둘 중 하나를 선택하셔야 할 듯요~

[it's me] [오후 9:29] 오 넵 답변 감사합니다!!
[kevin] [오후 10:18] 감사합니다. 유사한 ETF로 변경했습니다.




--------------- 2024년 11월 4일 월요일 ---------------
[경례하는 프로도] [오전 7:54] 네 알겠습니다!

[르가누] [오전 9:42] 삭제된 메시지입니다.
[르가누] [오전 9:43] 안녕하세요!
갑자기 아침 6시쯤에 이런 오류가 생겼다고 라인 메시지로 받았는데 어떤 오류인지 아시는 분 계실까요…?
binance GET https://fapi.binance.com/fapi/v1/klines?interval=4h&limit=500&symbol=ETHUSDT

[신난 어피치] [오전 11:34] 안녕하세요
국내섹터돌파 투자중인데 아래와 같은 메세지가 2분마다 옵니다
사유를 알수 있을까요?
잔고 100만원
80%매수로 설정했습니다
[신난 어피치] [오전 11:34] 사진
[신난 어피치] [오전 11:34] 잔고가 너무 적은걸까요?
[신난 어피치] [오전 11:36] 손매매로 하면 매수가 됩니다
[Q.이로움] [오후 3:07] 사진

[케빈느] [오후 4:08] 매우 공감합니다
[케빈느] [오후 4:08] 책 이름이 어떻게 되는지 여쭤봐도 되나요?
[르가누] [오후 4:30] 좋은 글 공유 감사합니다!
[it's me] [오후 4:31] @꿈에그린자동매매 주말동안 양방향 매매 조건을 이래저래 바꿔봤는데 정말 쉽지 않네요~ 돌파매수를 하면 시드가 너무 적게 들어가고 역매수를 하자니 레버때문에 무섭고..
정말 연구 많이 하셨겠어요
[꿈에그린자동매매] [오후 5:58] 저도 한 3개월 정도 돌리면서 그나마 최적의 조건이라고 잡아놓은건데 아직도 부족한 듯 하지만 
당분간은 현재 조건으로 유지해 보려고요..
[꿈에그린자동매매] [오후 6:00] 사진
[it's me] [오후 6:21] 힘들게 만드신 전략을 빼먹으려고 하는거 같아서 좀 죄송스럽긴 하지만 혹시 개인적으로 질문을 좀 드려도 될까요~?
[꿈에그린자동매매] [오후 8:03] 아...네 물어보세요 ^^

[it's me] [오후 8:52] https://open.kakao.com/o/sAT9JiYg
[it's me] [오후 8:52] 괜찮으시다면....

[문성현] [오후 9:56] 14.에브리씽_에브리웨어_올앳원스ETF_봇 돌리시는 분들께 질문 드립니다. 
날이 갈수록 보유종목수가 늘어나는데 정상인가요?
테스트로 매일 실행되게 돌렸더니 열심히 사고 팔기는 하는데 점점 종목수가 늘어나네요. 매수 매도 코드를 당일 매매내역과 비교하며
 코드를 매일 열심히 들여다보고있는데 매도 부분은 리밸런싱 위주로 하고 전액 매도는 아직 경험을 못해서 이게 맞는건가 싶어서 먼저 해보신 분들 의견을 듣고싶어서 질문 남겨봅니다. 

--------------- 2024년 11월 5일 화요일 ---------------

[하나돌] [오전 6:17] 안녕하세요^^
[밀양호랑이] [오전 6:20] 사진
[밀양호랑이] [오전 6:22] 게만아님 혹시 오프라인 강의도 하시나요? 그게 아니시면 아시는 지인이신가요? 그것도 아니시면 심각한 상황이네요
[초롱초롱 네오] [오전 7:14] 제가 카페를 운영하고 있습니다 주변에 주식을 같이 공부하시는 분들이 자동매매를 구현하고 싶은데 할수가 없어서 같이 스터디 형태로 공부하고 있습니다 카페에는 게만아님 코드를 절대 오픈하지 않으며 모두 개별 구매하시라고 공지 합니다 수업료는 세미나 사용료 정도 입니다 전에 게만아님께서 스팩을 만드실 때 제 수업을 들으신 분의 블로그를 참조하신걸로 알고 게만아님이 코딩만 패키지로 개별로 구매하신다면 같이 스터디는 괜찮다고 하셨습니다
[초롱초롱 네오] [오전 7:15] 만약 게만아님께서 이런 부분이 문제가 된다고 하신다면 게만아님의 전략내용들은 모두 제외하도록 하겠습니다 
[초롱초롱 네오] [오전 7:17] 제가 혼자 공부하면서 자동매매를 셋팅하는 것이 어려워서 도움을 주고자 한 것이고 같이 공부하시는 분들은 모두 클래스 101을 구독하고 게만아님 수업을 듣고 있습니다 그리고 코딩은 저는 절대 공개하지 않고 직접 구입하라고 합니다
[초롱초롱 네오] [오전 7:19] 게만아님도 전에 제가 여쭤 봤을 때 장려한다고 하셨으나 제가 생각해도 문제가 있을 수 있다고 생각 합니다 
[초롱초롱 네오] [오전 7:20] 조금이라도 문제가 있다면 같이 공부하는 내용을 다 수정하고 제가 만든 전략만 가지고 같이 스터디 하도록 하겠습니다
[초롱초롱 네오] [오전 7:21] 저는 게만아님 패키지를 무조건 구입하라고 하고 절대 공유하지는 않습니다. 그리고 패키지를 구입하지 않으면 자동매매를 돌릴 수 없다고 알려드리고 있습니다 
[초롱초롱 네오] [오전 7:30] 일반 개인들은 자동매매의 접근성이 쉽지 않습니다 이해를 하지 못하면 게만아님의 코딩 패키지를 구입해서 돌릴 엄두가 안날 겁니다 그래서 같이 공부하고 이해 후 게만아님 패키지를 구매하라고 하고 있습니다 
[땅파] [오전 7:45] 아 아쉽네요 알았다면 참여했을건데 
[초심] [오전 8:22] 혹시 가페 이름이 어떻게 되나요? 저도 오프라인 강의를 듣고싶어요. 컴알못이라 게만아님 강의 들은 지 1년반이 되었음에도 시작을 못하고 있어요.ㅠㅠ
[투자는 게만아] [오전 8:26] 제 에러코드가 뭔지 한투에 (한투 포럼통해) 문의하셔야 되는데
일단 실제로 매수 시도한 수량이 어떻게 되는지(스샷 참조요) 메시지로 오게해서
그 수량이 실제로 시장가 매수가 되는지 체크하시면 될 듯 합니다. :)

[투자는 게만아] [오전 8:26] 사진
[투자는 게만아] [오전 8:26] 
모의계좌에서는 드물겠지만 다 안팔릴 수 있습니다 (모의계좌 오류)
근데 지금 실계좌를 말씀하시는 걸까용?? 
아무튼 최대 50종목이 안넘으면 정상입니다 :) 
[투자는 게만아] [오전 8:27] 흠 살짝 애매하긴 하네요.
일단 제가 저 카페를 발견한건 우연이었기에 이건 뭐야 싶었는데
함께 스터디를 하는 것으로 파악했고 운영자님이 가진 별도의 지식(스팩주 투자 등)을 나눠주는 카페로 생각해서
나쁘지 않다고 생각했습니다.
다만 유료 판매중인 코드 공유등의 불법 행위가 일어나면 안될텐데 유의 부탁드린다는 말을 전달하고 싶었습니다.
그런 정황이 있긴 했습니다. 구글 드라이브 권한 요청을 하길레 먼저 인증을 요구했는데 응답이 없는 케이스요.
물론 카페 스터디 회원이라는 확증은 없지만요. :)
뭐 아무튼 취지는 이해하기에 가끔 지켜보는 상황이었고요.
[투자는 게만아] [오전 8:27] 그런데 스터디 개념이 아니라 뭔가 강의 형식으로 돈을 받고 전문적(?)으로 진행하는 것처럼 보이는 것은
문제의 소지가 있어요.
일단 클래스101 자동매매 강의의 저작권은 저에게 있는 것이 아니라 현재 클래스101이 가지고 있다는 점입니다.
즉 클래스101이 알게 되면 큰 문제가 될 수 있습니다.
저작관련해서 사업을 하는 기업이라 알게 된다면 걸고 넘어질 수도 있다는 점은 감안하셔야 될 것 같습니다.

따라서 클래스를 듣고 운영자님이 새로 구성한 떨사오팔이나 백석꾼님 전략, 미국레버리지 전략 위주로 강의룰 구성하시는게 좋아보이고
제 컨텐츠의 내용은 필요하다면 비공식(?)으로 스터디 식으로 진행하는 방향이 안전하지 않을까 싶습니다.

[투자는 게만아] [오전 8:28] 사실 패키지를 활용을 제대로 하려면 제 클래스 강의를 찬찬히 들어 완강을 하면 도움이 됩니다.
다만 패키지의 경우 코드 설명 영상이 
4개 있는데요.

36번 업비트 비트코인 이더리움 안전전략 코스 설명
https://youtu.be/TYj_fq4toAw
31번 알트코인 매매 전략
https://youtu.be/IViI5gofQf4
30번 섹터 돌파 전략
https://youtu.be/m_dw24x7VQQ
37번 코스닥피 레인 전략
https://youtu.be/YdEdM-oC0kc

사실 이 것만 봐도 얼추 파악이 가능할 거라는 판단이었는데.
내년에 패키지 코드의 설명을 영상으로 만든 클래스를 구독에 넣어볼까
아니면 클럽 등을 만들어 스터디를 만들어볼까 고민 중이니 참고해주셔용 :)
[자동봇봇] [오전 8:29] 네 저도 게만아님 말씀에 동감합니다. 게만아님 코드를 공유 안하는 강의라고 해도 그내용을 활용하거나 참조하는것만으로도 저작권이 연관이 안되어 있을수가 없을건데

거기에 별도 수익이나 강의료를 받는다면 클래스101측에서도 문제 삼 을거같네요
[초롱초롱 네오] [오전 8:31] 네 클래스 101은 모두 구독 신청해서 듣고 있습니다 코드 공유는 절대하지 않고 게만아님 코드를 구입하도록 독려 하겠습니다 스터디 내용중 게만아님 코딩 내용은 빼고 제가 만든 전략만 가지고 진행할께요 감사합니다 
[초심] [오전 8:32] 게만아님 제가 오늘 블로그에서 비밀글로 여쭤보려했던 질문인데요, 혹시 오프라인으로 가르쳐주실  계획은 없으신지요?

컴알못인데  주위에 물어볼 사람도 없고해서, 게만아님 강의 들은지 ㅣ년반이 됐음에도 실전을 못하고있어요.ㅠㅠ
[땅파] [오전 8:33]  오프라인 강의 있음 좋겠습니다 ~
[초심] [오전 8:33] 혹시 운영하고계신 카페명을 여기서 여쭈면 실례가 될까요.
[초롱초롱 네오] [오전 8:37] 여기서 제가 알려드리는 건 게만아님께 실례가 되는 것 같습니다 ㅎ
[투자는 게만아] [오전 8:37] 오프라인도 생각중이긴 한데
어떤 분은 설치 및 시작부터 막히실테고 
어떤 분은 파이썬 코드 이해의 문제일 것이라 애매한 부분이 많은데요..

일단 파이썬을 몰라도 자동매매를 할 수 있게(혹은 자동매매 없이 투자 할 수 있도록) 하는 코인 클래스를 준비중이니
참고해주시고요. 
https://blog.naver.com/zacra/223640239688
파이썬 설치부터 차근히 다시 다뤄볼꺼라 리마인드 하기 좋은 클래스로 준비할 예정입니다 :)

[투자는 게만아] [오전 8:41] 카페명은 매매동반자 로 기억하고 있어요 :)
[초롱초롱 네오] [오전 8:43] 감사합니다 게만아님 카페는 아침에 제가 놀래서 비공개로 했다가 다시 공개로 전환했습니다 게만아님께 피해가 안되고 오히려 도움이 될 수 있도록 하겠습니다 게만아님 덕분에 많이 배우고 있습니다 
[초심] [오전 8:50] 감사합니다.^^
외람되지만 제가 생각한 오프라인 강의는, 

일단 사무실을 내고요, 수강생은 게만아님 강의 범위에 한하여 질문해야되고, 대답은 게만아님이나 스텝분이 도제식으로 질문 부분에 한해서 가르쳐 주는 형식입니다.

그러니 수강생도 공부를 스스로 해야하고 공부하다 막히는 부분을 질문하는 것입니다.

수강료는 첫달 40만원, 2달째 30, 3달째 20, 4달째부터는 10만원.

저는 이런 생각을 했었는데, 제가 너무 사상의 나래를 펼친 건가요.ㅎ
[비기너] [오전 8:52] 그건 교육사업아닌가요
[투자는 게만아] [오전 8:52] 넵 감사합니다 :) 오해하시면 안되는 것이 제가 공식적으로 뭔가를 승인했다는 개념은 아닙니당
저작권이 제게 있지 않기도 하고 제 생각은 스터디 정도는 자유롭게 해도 된다 라는 것으로 받아들이시면 될듯요 :) 

[투자는 게만아] [오전 8:53] 앗 ㅎ
[비기너] [오전 8:54] 게만아님이 오프라인 강의를 여신다면 문제는 없지만 타인이 게만아님의 강의를 가지고 비용을 받고 강의를 하는건 문제소지가 생길거라 봅니다 
[투자는 게만아] [오전 8:54] 그럴 능력이 안됩니다. 주언규님 같은 크리에이터나 가능한 영역이죠 :)
[비기너] [오전 8:55] 장소대여비랑 커피값 명목으로
[비기너] [오전 8:55] 일정의 비용을 받는건 이해는 되지만
[비기너] [오전 8:57] 장소대여비를 나눠서 부담하는
조건이래도 스터디도 사전에 게만아님께
허락 받아야한다고 봅니다
[초롱초롱 네오] [오전 9:02] 네 알겠습니다 제가 만든 전략만 가지고 스터디 진행하겠습니다
[땅파] [오전 9:11] 서울지역도 스터디나 오프라인 강의 있음 좋겠네요 
[안녕하세요] [오전 9:13] 비트 11프로 먹고 털렸습니다
[오토알렌] [오전 9:24] 저도요

근데 이더가 손해 ㅠㅠ
[오토알렌] [오전 9:24] 그냥 유지되는 수준이네유 음
[안녕하세요] [오전 9:43] 이더 ㅜㅡㅠ 4프로인가 손해보고 팔렸어요
[오토알렌] [오전 9:47] 저도용
근데 저는 이더에 자금이 더 많이 배정되어 있어요 ㅠㅠ
[안녕하세요] [오전 11:17] 오토님 저랑 같은봇 쓰시잖아요 mamix dolpa 
저는 여기에 게만이 할트 v2써요
[오토알렌] [오후 2:24] 할트는 안써서 잘 모르겠어요^^
[카보수] [오후 4:03] 진짜 상상력 대단하십니다 거의 게만아님 강의로 사업하셔도될듯
[나는나] [오후 4:33] 바이낸스 할트전략 (게만아님 개선판) 을 며칠 전에 돌릴때는 괜찮았는데, 갑자기 아래와 같은 에러메시지가 나오는데 검색해도 잘 모르겠습니다
조언 부탁드립니다 (API에러인가 싶어서 새로 만들었는데도 같은 증상입니다)

Traceback (most recent call last):
  File "/home/ec2-user/.local/lib/python3.9/site-packages/urllib3/connection.py", line 203, in _new_conn
    sock = connection.create_connection(
  File "/home/ec2-user/.local/lib/python3.9/site-packages/urllib3/util/connection.py", line 85, in create_connection
    raise err
  File "/home/ec2-user/.local/lib/python3.9/site-packages/urllib3/util/connection.py", line 73, in create_connection
    sock.connect(sa)
socket.timeout: timed out

The above exception was the direct cause of the following exception:

Traceback (most recent call last):
  File "/home/ec2-user/.local/lib/python3.9/site-packages/urllib3/connectionpool.py", line 791, in urlopen
    response = self._make_request(
  File "/home/ec2-user/.local/lib/python3.9/site-packages/urllib3/connectionpool.py", line 492, in _make_request
    raise new_e
  File "/home/ec2-user/.local/lib/python3.9/site-packages/urllib3/connectionpool.py", line 468, in _make_request
    self._validate_conn(conn)
  File "/home/ec2-user/.local/lib/python3.9/site-packages/urllib3/connectionpool.py", line 1097, in _validate_conn
    conn.connect()
  File "/home/ec2-user/.local/lib/python3.9/site-packages/urllib3/connection.py", line 611, in connect
    self.sock = sock = self._new_conn()
  File "/home/ec2-user/.local/lib/python3.9/site-packages/urllib3/connection.py", line 212, in _new_conn
    raise ConnectTimeoutError(
urllib3.exceptions.ConnectTimeoutError: (<urllib3.connection.HTTPSConnection object at 0x7fba3a57c550>, 'Connection to api.binance.com timed out. (connect timeout=10.0)')

The above exception was the direct cause of the following exception:

Traceback (most recent call last):
  File "/home/ec2-user/.local/lib/python3.9/site-packages/requests/adapters.py", line 486, in send
    resp = conn.urlopen(
  File "/home/ec2-user/.local/lib/python3.9/site-packages/urllib3/connectionpool.py", line 845, in urlopen
    retries = retries.increment(
  File "/home/ec2-user/.local/lib/python3.9/site-packages/urllib3/util/retry.py", line 515, in increment
    raise MaxRetryError(_pool, url, reason) from reason  # type: ignore[arg-type]
urllib3.exceptions.MaxRetryError: HTTPSConnectionPool(host='api.binance.com', port=443): Max retries exceeded with url: /sapi/v1/capital/config/getall?timestamp=1730791637600&recvWindow=10000&signature=8ba757fdc216e2f1b6fb30e0563e6d244350686cf1f4a82758444b48cfb8546a (Caused by ConnectTimeoutError(<urllib3.connection.HTTPSConnection object at 0x7fba3a57c550>, 'Connection to api.binance.com timed out. (connect timeout=10.0)'))

During handling of the above exception, another exception occurred:

Traceback (most recent call last):
  File "/home/ec2-user/.local/lib/python3.9/site-packages/ccxt/base/exchange.py", line 596, in fetch
    response = self.session.request(
  File "/home/ec2-user/.local/lib/python3.9/site-packages/requests/sessions.py", line 589, in request
    resp = self.send(prep, **send_kwargs)
  File "/home/ec2-user/.local/lib/python3.9/site-packages/requests/sessions.py", line 703, in send
    r = adapter.send(request, **kwargs)
  File "/home/ec2-user/.local/lib/python3.9/site-packages/requests/adapters.py", line 507, in send
    raise ConnectTimeout(e, request=request)
requests.exceptions.ConnectTimeout: HTTPSConnectionPool(host='api.binance.com', port=443): Max retries exceeded with url: /sapi/v1/capital/config/getall?timestamp=1730791637600&recvWindow=10000&signature=8ba757fdc216e2f1b6fb30e0563e6d244350686cf1f4a82758444b48cfb8546a (Caused by ConnectTimeoutError(<urllib3.connection.HTTPSConnection object at 0x7fba3a57c550>, 'Connection to api.binance.com timed out. (connect timeout=10.0)'))

The above exception was the direct cause of the following exception:

Traceback (most recent call last):
  File "/var/autobot/GMA_BinanceHalt_F_bot.py", line 114, in <module>
    balance = binanceX.fetch_balance(params={"type": "future"})
  File "/home/ec2-user/.local/lib/python3.9/site-packages/ccxt/binance.py", line 2529, in fetch_balance
    self.load_markets()
  File "/home/ec2-user/.local/lib/python3.9/site-packages/ccxt/base/exchange.py", line 1463, in load_markets
    currencies = self.fetch_currencies()
  File "/home/ec2-user/.local/lib/python3.9/site-packages/ccxt/binance.py", line 1879, in fetch_currencies
    response = self.sapiGetCapitalConfigGetall(params)
  File "/home/ec2-user/.local/lib/python3.9/site-packages/ccxt/base/types.py", line 34, in unbound_method
    return _self.request(self.path, self.api, self.method, params, config=self.config)
  File "/home/ec2-user/.local/lib/python3.9/site-packages/ccxt/binance.py", line 8165, in request
    response = self.fetch2(path, api, method, params, headers, body, config)
  File "/home/ec2-user/.local/lib/python3.9/site-packages/ccxt/base/exchange.py", line 3344, in fetch2
    return self.fetch(request['url'], request['method'], request['headers'], request['body'])
  File "/home/ec2-user/.local/lib/python3.9/site-packages/ccxt/base/exchange.py", line 626, in fetch
    raise RequestTimeout(details) from e
ccxt.base.errors.RequestTimeout: binance GET https://api.binance.com/sapi/v1/capital/config/getall?timestamp=1730791637600&recvWindow=10000&signature=8ba757fdc216e2f1b6fb30e0563e6d244350686cf1f4a82758444b48cfb8546a
[하나돌] [오후 4:40] 안녕하세요^^
[하나돌] [오후 4:41] 사진
[하나돌] [오후 4:41] 지금 46.업비트변동성돌파_트레일링스탑전략 이프로그램 실행하는데 오류 해결방법 아시는분 있나요?
[안녕하세요] [오후 5:20] 게만아 할트 v2 써보니 좋더라구요
[카보수] [오후 5:20] 수익률이 어떻게되요?
[안녕하세요] [오후 5:21] 그거만 돌리는게 아니라서..
[안녕하세요] [오후 5:21] 뭐라고 말씀드리기 어렵네요
[안녕하세요] [오후 5:21] 일주마다 최적 이평성 구해주는게 너무 마음에 드네요
[카보수] [오후 5:23] 과최적화라 생각해서 이용안했는데
[카보수] [오후 5:23] 흠 근데 수익률이 좋은지 어떻게 알아요?
[투자는 게만아] [오후 5:35] 공유해주신 에러 긁어서 챗GPT에 붙여넣기 해보니 아래와 같은 가이드가 있는데 체크해 보셔요 :) 
[투자는 게만아] [오후 5:35] 사진
[투자는 게만아] [오후 5:36] 앗 스샷에는 오류가 안보이는데요? Exception는 에외처리 된거라 정상이고용 :)
[하나돌] [오후 5:38] 안녕하세요^^
[하나돌] [오후 5:38] 사진
[하나돌] [오후 5:38] 실행중 튕깁니다. 
[하나돌] [오후 5:41] 무한 루프 코드 입력하면 되나요?
[투자는 게만아] [오후 5:43] ? 정상 종료된 것으로 보이는데요? 제 컨텐츠는 무한루프 로직을 사용하지 않기에 주기적으로 실행을 해야 합니다. (crontab 활용)
[하나돌] [오후 5:44] 네 알겠습니다. 감사합니다.^^~
[네오] [오후 5:44] 게만아님 tqqq양방향매매 매일라인메세지가오지는않나요? 매수하거나매도하는날에만메시지가오나요?
[네오] [오후 5:44] 첫날은왔는데어제가둘째날이었는데 메시지가안와서요
[투자는 게만아] [오후 5:47] 저는 해당 전략을 폐기 하고 심플 강력으로 갈아탄지라.. 기억이 안나지만 코드를 보시면 됩니다. (아마 그런 것으로..)
의심이 되는 부분이 있다면 라인메시지를 곳곳에 오도록 해서 확인하시면 됩니다 :) 
[네오] [오후 5:47] 폐기한이유를알수있을까요?
[네오] [오후 5:48] 심플강력전략으로갈아타신이유가?
[네오] [오후 5:48] 이유가합리적이면저도갈아타야하나해서요~~
[투자는 게만아] [오후 5:49] 앗 아니요 저를 따라하실 필요가 없습니다. :) 저는 항상 최신 전략으로 갈아타는 성향을 가졌다고 이해하시면 될 듯요
[네오] [오후 5:49] 네네알겠습니다 ㅎ
[Whynot] [오후 5:50] 게만아님, 최신전략은 어디서 확인하시는건가요?
[투자는 게만아] [오후 5:51] ? 제..블로그요?
[투자는 게만아] [오후 5:52] 패키지 코드에서 번호가 늦을 수록 최근에 추가된거니 번호가 클 수록 최신 전략인 셈이 됩니다 :)
[Whynot] [오후 5:53] 감사합니다!
[나는나] [오후 6:12] 감사합니다. 그런데, 아래와 스샷과 같이 수정하니
108 options 부분에서 들여쓰기 에러가 나는데, 원본과 아무리 봐도 괜찮데 왜 그러까요?
[나는나] [오후 6:13] 사진
[나는나] [오후 6:24] 띄어씌기는 해결됐습니다
타임아웃 30000  다음에 콤마를 붙이니까 되네요
그런데 아까와 같은 메시지가 발생하는데, 혹시 또 뭘 확인해보면 좋을까요?
[나는나] [오후 6:26] 아래와 같은 에러가 뜨구요
마지막 두줄에 있는 http를 접속해보니, API형식이 잘못됐다고 나오네요

Traceback (most recent call last):
  File "/home/ec2-user/.local/lib/python3.9/site-packages/urllib3/connection.py", line 203, in _new_conn
    sock = connection.create_connection(
  File "/home/ec2-user/.local/lib/python3.9/site-packages/urllib3/util/connection.py", line 85, in create_connection
    raise err
  File "/home/ec2-user/.local/lib/python3.9/site-packages/urllib3/util/connection.py", line 73, in create_connection
    sock.connect(sa)
socket.timeout: timed out

The above exception was the direct cause of the following exception:

Traceback (most recent call last):
  File "/home/ec2-user/.local/lib/python3.9/site-packages/urllib3/connectionpool.py", line 791, in urlopen
    response = self._make_request(
  File "/home/ec2-user/.local/lib/python3.9/site-packages/urllib3/connectionpool.py", line 492, in _make_request
    raise new_e
  File "/home/ec2-user/.local/lib/python3.9/site-packages/urllib3/connectionpool.py", line 468, in _make_request
    self._validate_conn(conn)
  File "/home/ec2-user/.local/lib/python3.9/site-packages/urllib3/connectionpool.py", line 1097, in _validate_conn
    conn.connect()
  File "/home/ec2-user/.local/lib/python3.9/site-packages/urllib3/connection.py", line 611, in connect
    self.sock = sock = self._new_conn()
  File "/home/ec2-user/.local/lib/python3.9/site-packages/urllib3/connection.py", line 212, in _new_conn
    raise ConnectTimeoutError(
urllib3.exceptions.ConnectTimeoutError: (<urllib3.connection.HTTPSConnection object at 0x7f0fbc0d25b0>, 'Connection to api.binance.com timed out. (connect timeout=10.0)')

The above exception was the direct cause of the following exception:

Traceback (most recent call last):
  File "/home/ec2-user/.local/lib/python3.9/site-packages/requests/adapters.py", line 486, in send
    resp = conn.urlopen(
  File "/home/ec2-user/.local/lib/python3.9/site-packages/urllib3/connectionpool.py", line 845, in urlopen
    retries = retries.increment(
  File "/home/ec2-user/.local/lib/python3.9/site-packages/urllib3/util/retry.py", line 515, in increment
    raise MaxRetryError(_pool, url, reason) from reason  # type: ignore[arg-type]
urllib3.exceptions.MaxRetryError: HTTPSConnectionPool(host='api.binance.com', port=443): Max retries exceeded with url: /sapi/v1/capital/config/getall?timestamp=1730798574330&recvWindow=10000&signature=6a8ad41236f169b292342330a9f72eb3dc420796b3d102793553271c9db19b18 (Caused by ConnectTimeoutError(<urllib3.connection.HTTPSConnection object at 0x7f0fbc0d25b0>, 'Connection to api.binance.com timed out. (connect timeout=10.0)'))

During handling of the above exception, another exception occurred:

Traceback (most recent call last):
  File "/home/ec2-user/.local/lib/python3.9/site-packages/ccxt/base/exchange.py", line 596, in fetch
    response = self.session.request(
  File "/home/ec2-user/.local/lib/python3.9/site-packages/requests/sessions.py", line 589, in request
    resp = self.send(prep, **send_kwargs)
  File "/home/ec2-user/.local/lib/python3.9/site-packages/requests/sessions.py", line 703, in send
    r = adapter.send(request, **kwargs)
  File "/home/ec2-user/.local/lib/python3.9/site-packages/requests/adapters.py", line 507, in send
    raise ConnectTimeout(e, request=request)
requests.exceptions.ConnectTimeout: HTTPSConnectionPool(host='api.binance.com', port=443): Max retries exceeded with url: /sapi/v1/capital/config/getall?timestamp=1730798574330&recvWindow=10000&signature=6a8ad41236f169b292342330a9f72eb3dc420796b3d102793553271c9db19b18 (Caused by ConnectTimeoutError(<urllib3.connection.HTTPSConnection object at 0x7f0fbc0d25b0>, 'Connection to api.binance.com timed out. (connect timeout=10.0)'))

The above exception was the direct cause of the following exception:

Traceback (most recent call last):
  File "/var/autobot/GMA_BinanceHalt_F_bot.py", line 115, in <module>
    balance = binanceX.fetch_balance(params={"type": "future"})
  File "/home/ec2-user/.local/lib/python3.9/site-packages/ccxt/binance.py", line 2529, in fetch_balance
    self.load_markets()
  File "/home/ec2-user/.local/lib/python3.9/site-packages/ccxt/base/exchange.py", line 1463, in load_markets
    currencies = self.fetch_currencies()
  File "/home/ec2-user/.local/lib/python3.9/site-packages/ccxt/binance.py", line 1879, in fetch_currencies
    response = self.sapiGetCapitalConfigGetall(params)
  File "/home/ec2-user/.local/lib/python3.9/site-packages/ccxt/base/types.py", line 34, in unbound_method
    return _self.request(self.path, self.api, self.method, params, config=self.config)
  File "/home/ec2-user/.local/lib/python3.9/site-packages/ccxt/binance.py", line 8165, in request
    response = self.fetch2(path, api, method, params, headers, body, config)
  File "/home/ec2-user/.local/lib/python3.9/site-packages/ccxt/base/exchange.py", line 3344, in fetch2
    return self.fetch(request['url'], request['method'], request['headers'], request['body'])
  File "/home/ec2-user/.local/lib/python3.9/site-packages/ccxt/base/exchange.py", line 626, in fetch
    raise RequestTimeout(details) from e
ccxt.base.errors.RequestTimeout: binance GET https://api.binance.com/sapi/v1/capital/config/getall?timestamp=1730798574330&recvWindow=10000&signature=6a8ad41236f169b292342330a9f72eb3dc420796b3d102793553271c9db19b18
[새벽종] [오후 6:26] Chatgpt에 물어보시는게 더 빨라요
[나는나] [오후 6:28] 어제 Curser AI에 물어봤더니 수정할 부분을 얘기해주는데, 이해가 잘 안가서요
[나는나] [오후 6:28] 사진
[나는나] [오후 6:29] 그리고 업비트 할트 전략도 15초 쉬는 상태에서 그냥 멈춰버리는데, 혹시 인스턴스가 문제가 있는지도 모르겠는데
혹시 게만아님이나 잘 아시는분 조언을 들을수 있을까 해서 질문을 올려봅니다
[나는나] [오후 6:30] 며칠 전에 급락할때 2일정도 할트 전략 돌렸다가 손실을 크게 봐서, 복수를 해야하는데 ㅎㅎ
공부를 미리 좀 열심히 해놓을걸 그랬네요
잘 돌아가다가 갑자기 이러니, 답답하네요
[새벽종] [오후 6:34] pip3 install urllib3==1.26.6 
한번 실행해 보시고 돌려보세요
[나는나] [오후 6:37] 답변 너무 감사합니다. 퇴근시간이라 있다가 해보겠습니다
감사합니다~~

[초롱초롱 튜브] [오후 8:14] 안녕하세요~
[초롱초롱 튜브] [오후 8:14] 게만아 추가 컨텐츠 자동매매 학습용 코드 구매 했는데 어떤 번호인 코딩소스로 돌려야지 수익률이 가장 좋나요> ? 

--------------- 2024년 11월 6일 수요일 ---------------
[투자는 게만아] [오전 11:45] 사진 2장
[투자는 게만아] [오전 11:45] 코인원에서 종종 아주 작은 수량 2원, 7원 정도가 남아 있어 오류라고 생각했는데
제 경우 오늘 빗썸에서도 발견이 되었는데요. 알고보니 수량을 잘못 가져와서 모두 매도가 안되는 오류가 아니라
자동 스테이킹이나 보너스로 거래소에서 주기적으로 주는 돈이더라고요 > . < (즉 좋은거죠 ㅎ)
예로 이더리움을 모두 팔았는데 거래소에서 몇 시간 뒤에 2원어치를 주는거죠.
그러면 단순히 수량이 있는지 여부로 판단하는 봇에서는 이더리움을 매수하고 있다고 판단하는 거라
계속 매도를 시도하거나 매수가 안되게 됩니다.
이부분을 방어하고자 최소주문금액 이상 보유해야 보유하고 있다고 판단하도록 방어조건을 넣었으니 참고하셔요 :)

[퇴근하는 프로도] [오후 12:34] 도지..비트 대박이네여
[KB] [오후 12:46] 오늘 비트코인 이더리움 안전전략 매수 되는건가요?
[KB] [오후 12:49] 로직 보니 ma6가 상승세여야 들어가는거 같은데.. ma6가 어제랑 그저께 기준으로 들어가는건지 오늘 비트코인 매수가 안되었네요 
[비린이] [오후 12:50] 오늘 매수 안됐어오
[KB] [오후 12:53] 그저께랑 어제를 보면 ma6가 하락세였네요


[Whynot] [오후 11:01] 게만아님 강의 9-4에서 제공해주신 봇 테스트해보고있는데, 코드에 제공해주신 3가지 코인으로 해보는데 숏, 롱의 open개수가 다른데 왜그런지 혹시 알 수있으까요?
[초롱초롱 튜브] [오후 11:36] 52.업비트 할트 전략에서 UpbitHalt_S_bot.py 파일에서 에러가 납니다. 어떻게 해결할 수 있을까요~?
[초롱초롱 튜브] [오후 11:36] Traceback (most recent call last):
  File "C:\AutobotEx\52.업비트_할트전략\UpbitHalt_S_bot.py", line 618,          , in <module>
    AltInvestList.append(ticker)
    ^^^^^^^^^^^^^^^^^^^^
AttributeError: 'dict' object has no attribute 'append'
[초롱초롱 튜브] [오후 11:38] 사진

--------------- 2024년 11월 7일 목요일 ---------------
[새벽종] [오전 12:03] 원본 코드를 수정하신거 같은데요..
AltInvestList가 원래 list type인데 error 난거 보면 dict()로 선언하신거 같아요.
원본 코드에는 AltInvestList = list() 로 되어 있습니다.
[초롱초롱 튜브] [오전 12:06] 리스트로 되어있습니다 ~
[새벽종] [오전 12:18] 밑에 에러 나오는 콘솔창에 Problems 탭 내용 확인해 보세요.
[와이디y] [오전 9:04] 비트 이평성 돌파매매 하시는분들 방금 전에 비트 매수되셨나요?
가격으로 봤을때 무조건 매수되야되는 가격인데 매수가 안되네요. 다른 코인은 됏는데 유독 비트만 안됐네요
[blueship] [오전 9:18] 삭제된 메시지입니다.
[열심히 일하는 네오] [오전 11:18] 안녕하세요?

야후에서 종가(시가) 가져올때.
전일가를 가져오고 싶어서, 

실행하면
전일가를 가져올때도 있지만, 전전일가도 자주 가져오는데. 혹시 이런 오류 겪으신분? 계신가요? 

동시간대에 여러번 실행했을때 얘기입니다.
[양호] [오후 2:12] 삭제된 메시지입니다.
[양호] [오후 2:13] 파일질라 잘연결되엇는데 업그레이드후 연결이 안되네요. 
[양호] [오후 2:22] 삭제후 다시 설치했는데도 연결이 안되네요. 구글검색해도 무슨소린지 모르겟어요. 고견 부탁해요.
[안녕하세요] [오후 2:29] key 안넣으닛거 아니에요?
[양호] [오후 2:30] 삭제된 메시지입니다.
[양호] [오후 2:31] 업글해도 키파일이 그대로 입력되어잇어 그대로 연결 눌럿는데 서버에 연결되지 않았습니다
[양호] [오후 2:36] 사진

[Whynot] [오후 10:56] 질문이 있습니다! 클래스101 클래스 9-5 양방향 합체 전략 봇의 승률은 혹은 백테스팅했을떄의 결과를 확인할 수 있는곳이 있을까요?

--------------- 2024년 11월 8일 금요일 ---------------
[투자는 게만아] [오전 8:28] 클래스의 전략들은 백테스팅을 다루지 않았습니다 :)
[투자는 게만아] [오전 8:29] 내 PC IP를 보안그룹에서 ssh로 등록하시면 될 것 같은 느낌인데용 FAQ참고해보시면 될 것 같은데.. https://blog.naver.com/zacra/223203988739 그 중에 https://blog.naver.com/zacra/222853598460 이 포스팅 체크하시면 될 듯요 :)\
[투자는 게만아] [오전 8:30] 희안하네요 저건 분명히 리스트인데… 혹시 모르니 해당 봇이 만든 json파일을 삭제하고 실행해보셔요 :)
[코린이] [오전 9:21] 비트이더안전전략 쓰시는 분들 오늘 오전9시에 비트 매도되었나요?
[비린이] [오전 9:27] 저는 홀드 입니다
[Whynot] [오전 9:30] 저는 됬습니다
[Whynot] [오전 9:30] 감사합니다
[forfire] [오전 9:34] 컴터를 새로 바꾸고 아나콘다를 설치하려는데 요즘은 64비트만 제공하는거 같네요 ㅠ 게만아님 강의에는 32비트 설치로 알려주셨는데 64비트로 가도 문제 없나요?
[와이디y] [오전 9:45] 게만아님 안녕하세요^^
비트코인 이평선 돌파매매에서 어제오늘 시가에 매수가 안되었는데요. 제가 알기로는 5,10,21일 이평선 모두 전일 종가 밑에 있기 때문에 시작가에 매수되었어야된다고 생각하는데 혹시 제가 이해하지 못한 다른 로직이 있는건가요? 제가 비트 외에 다른 코인도 돌파매매로 돌리는데 유독 비트만 매수가 안되었기에 제가 이해하지 못한 부분이 있나 싶어 질문 드려요~
[꿀따리] [오전 9:46] 개인전략이냐, 아니면 그냥 전략이냐 차이인것같습니다.
[투자는 게만아] [오전 10:14] 이평선돌파매매 전략베이스인 전략이 많아서 어떤 전략인지를 모르겠지만 아무튼 프린트문(or 메시지 오게) 을 군데군데 넣어서  조건문을 통과하는지 실행하셔서 체크해 보셔요 :) 그리고 조건문을 통과했다 하더라도 잔고부족등으로 매수가 안되는 케이스가 있을 수도 있으니 실행로그도 확인해 보시고용 :)
[투자는 게만아] [오전 10:14] 네 아무 상관 없어요 :)
[투자는 게만아] [오전 10:15] 아 그리고 예약인스턴스 관련 문의 주신 분이 계셔서 포스팅으로 정리했으니 참고하세요 :) https://blog.naver.com/zacra/223651871731
[forfire] [오전 10:17] 네 감사합니다. 64비트로 진행해야겠네요~
[와이디y] [오전 10:27] 27번 업비트 이평조합돌파 전략입니다 ^^
[투자는 게만아] [오전 10:34] 아 코드 살펴 보니깐 RSI조건이 걸려있네요. 즉 과매수 구간에 진입하지 않게 되어 있어서 (즉 과열되서 떨어질거다) 비트는 27번 코드에서는 현재 매수되지 않는게 맞습니다 :)
[투자는 게만아] [오전 10:34] 사진
[오토알렌] [오전 10:37] 참고로 저도 같은 전략인데
비트 안사졌어요 ㅠㅠ
[투자는 게만아] [오전 10:37] 코인은 추세가 강하기 때문에 이 RSI조건이 맘에 들지 않으실 수 있는데요. 그렇다면 RSI조건을 빼시면 매수가 될거예요.
모든 전략은 이런 저런 요소가 들어가 있는데 조건을 빼거나 추가하면 성과가 좋아질 수 있으니 백테스팅을 해보면서 수정해나가는 방향을 추천드려요 :)
[와이디y] [오전 10:40] 아하 무슨 말씀이신지 이해했습니다ㅎ 저도 rsi를 보긴 했었는데 거꾸로 이해했었네요 rsi가 커야 매수되는걸로 이해하거 있었네요 친절한 설명 감사합니다 ^^
[오토알렌] [오전 10:41] 게만아님
그냥 느낌이 확실할땐
수동으로 사도 되는거지요?

전략은 그냥두고
[투자는 게만아] [오전 10:46] 넵 그건 자유죠. 저도 그럴 때가 있습니다. (근데 제 경우 그냥 봇에 맡기는게 더 나았던 경우가 많긴 했지만요 ㅎ 케바케 일 듯요.
아무튼 내가 매수해도 봇이 나중에 팔 수는 있으니 현재 진입하고자 하는 시점이 매도 조건과는 먼 지만 체크하면 매수하는 것은 자유일 듯 합니다 :)
[투자는 게만아] [오전 10:47] 삭제된 메시지입니다.
[투자는 게만아] [오전 10:48] 그런데 전략 중에는 단순히 보유 수량 여부로 매수여부를 판단하는 봇이 있고
파일(json)저장을 통해 매수 여부를 판단하는 봇이 있는데요.
전자의 경우는 봇이 전략대로 나중에 매도하겠지만 (물론 그런일은 없겠지만 매도 조건이 만족해 바로 매도 해버릴 여지도 있겠죠)
후자의 경우는 내가 매수해서 수량이 있지만 봇 입장에서는 매수 전 상태기 때문에 매도로직을 타지 않고 매수로직을 타게 된다는 점을 체크하셔요
(이 경우 수동으로 json파일을 수정해야겠죠)
[manuk] [오전 10:49] 게만아님 코드를 완벽히 이해 하고 
수정할려면 
파이썬 강의 어떤걸 듣는게 나을까요? 

강의 추천 하실 만한게 있으신가요? 
[투자는 게만아] [오전 10:53] 사실 이런 안내가 제 클래스에도 있는데요
(제가 파이썬을 다루긴 하지만 혹시나 부족할 수도 있으니 추가공부하기 위한 링크를 안내)
클래스101에 괜찮은 파이썬 클래스 정말 많이 있습니다. 
이 중에 아무거나 1개 들으셔도 될듯요.

유튜브에도 많고요
https://youtu.be/KL1MIuBfWe0?si=NkSQUkoveXyo2lfB


[투자는 게만아] [오전 10:54] 사진
[manuk] [오전 10:57] 듣고는 있는데 그래도 한참 부족 한거 같아서요 
겨우 겨우 해석 해 내는 정도라 
파이썬에 갈증이 너무 나네요 ㅜㅜ
[투자는 게만아] [오전 10:57] https://blog.naver.com/zacra/222523869755
여기 나온 내용 일부인데요.

‘’’’’’’’’’
그렇다고 파이썬의 모든 문법들을 세세히 설명하기엔
선행 학습을 했거나 파이썬 지식이 있는 사람에게는 너무 많은 강의내용이 들을 필요가 없는 것들이 되버리고
그렇다고 파이썬 문법들을 생략하면 초보자들은 따라올 수 조차 없게 되기에

그 중간 어딘가에 맞춰진 강의라고 생각하시면 됩니다,

따라서 봇을 수정할 수 있고 이해할 수 있을 정도의 문법만 소개하고
조금 어렵다 싶거나 봇을 만들고자하는 큰 그림에서 무시해도 되는 부분들은 과감히 생략해서
실용적으로 봇을 돌릴 수 있도록 하는 클래스 입니다.
‘’’’’’’’’’

이런 구조여서, 파이썬 기초 클래스나 강의 혹은 책을 읽고 오신다면
훨씬 수월하게 접근할 수 있습니다.
[비트주세요] [오전 11:00] 저도 게만아님 강의듣고 제가만든 전략에 백테스트를 만들어보려고하는데 생각보다 빡센느낌이 드네요..ㅎㅎ 파이썬을 좀 더 친숙해져야 할듯하네요..
[it's me] [오전 11:02] 저도 코드만 보면 머리가 아픈데.. 이것저것 수정해보고 검색해보고 하니까 조금씩은 보는눈이 트이는거 같기도 하더라구요
게만아님은 워낙 코드에도 설명을 잘 해놓으셔서 자주 보는것도 중요하지 않을까 생각됩니다!
[manuk] [오전 11:04] 다들 답 주셔서 감사합니다 
제 역량이 부족해서 그런거라는 걸 
인지하고 좀더 해봐야죠 
게만아님 말대로 인생 긴데요 
[투자는 게만아] [오전 11:04] 챗GPT의 도움도 필요합니다. :)
다만 챗GPT가 엉뚱한 코드도 많이 만들기에
이게 정상인지 아닌지 구분할 수 있는 능력을 내가 가지고 있어야 되는게 중요합니다.
그래서 파이썬 공부는 어찌되었던 필요해 보여요.

개발자들 사이에서 챗GPT는 중급자 이상에게는 축복이지만 (비서 부리듯 틀리면 지적하고 군소리 없이 다시 짜주니깐 편하죠)
틀린 것을 지적할 능력이 아직 부족한 초보자에게는 저주일 수 있다는 이야기가 있는데
챗GPT가 짜준 코드가 정확하다고 믿고 초보자가 실무에 적용했다가는 낭패를 볼 수 있어서든요.

아무튼 참고로 저도 백테스팅 코드 만들 때 챗GPT의 도움을 받았습니다 :)
[투자는 게만아] [오전 11:06] 이 놈도 여러번 같은 코드를 물어보면 학습을 하기에 점차 괜찮은 비서로 변모할 수 있으니 아직도 사용 안 하시는 분은 해보셔요. 특히 실행했는데 뭔가 에러 로그가 나왔다? 그냥 긁어다 붙여넣기만 해도 챗GPT가 답변을 잘 해줍니다. (물론 엉뚱한 소리를 할 때도 있지만요)
[양호] [오전 11:09] 해결되엇습니다 최근에 인터넷을 kt에서 유플러스로 바꾸는 바람에 그렇게되엇네요. 감사합니다
[불나게 일하는 네오] [오전 11:15] 커서 ai미쳤습니다
[불나게 일하는 네오] [오전 11:16] 샵검색: #cursor ai
[퇴근하는 프로도] [오전 11:16] 퍼플렉시티 는어떤가요
[manuk] [오전 11:43] 감사합니다!!!!
[forfire] [오전 11:48] gpt보다 커서가 나을까요
[해적] [오후 1:28]  aws 에서는  pip3 install --upgrade ccxt==4.2.58  로 설치 문제 없는데
비주얼스튜디오 코드에서는 오류가 뜹니다.
코드에서 되어야 좀 편하게 작업을 할 텐데 해결 방법이 없을까요.
[해적] [오후 1:28] Building wheels for collected packages: pycares
  Building wheel for pycares (pyproject.toml) ... error
  error: subprocess-exited-with-error

  × Building wheel for pycares (pyproject.toml) did not run successfully.
  │ exit code: 1
  ╰─> [14 lines of output]
      running bdist_wheel
      running build
      running build_py
      creating build\lib.win-amd64-cpython-313\pycares
      copying src\pycares\errno.py -> build\lib.win-amd64-cpython-313\pycares
      copying src\pycares\utils.py -> build\lib.win-amd64-cpython-313\pycares
      copying src\pycares\_version.py -> build\lib.win-amd64-cpython-313\pycares
      copying src\pycares\__init__.py -> build\lib.win-amd64-cpython-313\pycares
      copying src\pycares\__main__.py -> build\lib.win-amd64-cpython-313\pycares
      running build_ext
      generating cffi module 'build\\temp.win-amd64-cpython-313\\Release\\_cares.c'
      creating build\temp.win-amd64-cpython-313\Release
      building '_cares' extension
      error: Microsoft Visual C++ 14.0 or greater is required. Get it with "Microsoft C++ Build Tools": https://visualstudio.microsoft.com/visual-cpp-build-tools/
      [end of output]

  note: This error originates from a subprocess, and is likely not a problem with pip.
  ERROR: Failed building wheel for pycares
Failed to build pycares
ERROR: ERROR: Failed to build installable wheels for some pyproject.toml based projects (pycares)
[불금 네오] [오후 3:25] 사진
[불금 네오] [오후 3:25] 혹시 에브리띵올앤원스ETF봇 매도할 때 주문 가능 수량 초과는 왜 나는 걸까요? 🙄
[불나게 일하는 네오] [오후 4:10] 커서에서 gpt뿐만아니라 다른 ai 이용가능합니다 한번 사용해보세요 그냥 미쳤습니다
[manuk] [오후 4:49] 무료 유료 중에 어떤거 사용할까요? 
[manuk] [오후 4:50] 무료만 해도 충분 할까요?
[텍스트입력] [오후 4:51] 혹시 Copilot과 비교 했을때는 어떨까요 ㅎ 
[Q.이로움] [오후 5:02] 개인적인 생각은 그냥 cursor가 답인것 같습니다
[Q.이로움] [오후 5:04] 유료로 써도 값어치를 한다고 생각하지만, 잘 모르면 일단 무료로 써보시고 필요하면 결제하시면 될 것같습니다.
[불나게 일하는 네오] [오후 5:17] 맞습니다 단순 코딩말고 웹 만들때도 좋습니다

--------------- 2024년 11월 9일 토요일 ---------------
[탄소배출] [오전 12:43] 아직 강의를 듣고있는 중인데 궁금해서 질문드립니다. 이후에 바이낸스 선물이 아닌 마진봇도 코드가 있을까요? 자동으로 usdt를 빌려 구매하고 부채비율이 높아지면 자동으로 판매를 하게되는?
[뿌사리] [오전 1:00] 사진 3장
[뿌사리] [오전 1:00] 오랜만에 아마존 서버를 로그인 하려니까 갑자기 가상 mfa 보안 설정을 하라고 하네요.. 강제로 해야하는 것 같길래 앱 깔아서 큐알코드 찍고 코드 받아서 입력하는데 자꾸 오류가 뜹니다 혹시 해결방법 알고 계신거 있으실까요?

[Jay-G's beer time] [오전 9:19] 안녕하세요. 유튜브&블로그 파이썬 파일 구매했는데 import ende_key, import my_key 이거는 모듈이 원래 따로 없나요? 

[투자는 게만아] [오전 9:37] 코인 클래스 챕터7참고하시면 되는데
굳이 암호화하지 않아도 무방하기에
자동매매 가이드 정독해 주세요 :)
https://blog.naver.com/zacra/223086628069

[투자는 게만아] [오전 9:37] 사진
[투자는 게만아] [오전 9:37] 저는 처음 보는 화면이라 잘 모르겠어용 > < 경험 있으신 분이 피드백 부탁드려용 :)
[Jay-G's beer time] [오전 9:40] 네 답변 감사합니다. 암호화 안 하고는 잘 돌아갑니다~


[크리스정] [오후 12:00] 게만아님! 바이낸스 할트 개인전략도 폴더에 업데이트 내용 수정해 주신건가요? 폴더 봤을때는 마지막 수정일이 24년6월도 나옵니다 
[크리스정] [오후 12:00] 사진
[투자는 게만아] [오후 1:19] 폴더는 권한이 부여된 사람 수 변동이 있을 때 수정일이 변경되어 실제 파일 수정일과는 관계가 없어서 폴더 날짜는 의미가 없습니다 :) 
실제 파일 날짜를 보시면 될 듯요 :)

[Whynot] [오후 3:01] 게만아님! 질문이있습니다

처음에 봇 설치가 다되고 구동되는것도 확인했었는데요, 1주일정도만에 인스턴스 연결을 들어가니 아래 에러가 계속나오면서 안되네요... 혹시 이유를 알수있을까요?
IP연결확인(탄력IP까지)도 다했고, 보안그룹에서 인바운드 규칙에서 아래처럼 수정까지했는데도 안되서 질문남깁니다...ㅠ 

답변해주시면 정말 감사하겠습니다
[Whynot] [오후 3:01] 사진
[Whynot] [오후 3:02] 사진
[아이스크림 든 네오] [오후 3:03] 혹시 ta라는 라이브러리로 캔들패턴을 읽는 그런게 있나요? 검색해서 읽어보는데 어떻게 쓰는지 잘 모르겠네요. 
성능은 어떤가요?
캐글에서는 차트패턴 구분하는 모델이나 데이터가 안보여서 저걸로 해보려고요.
[Whynot] [오후 3:04] 인스턴스를 새로만들어서 바로들어가도 이게 그대로 나오던데, 뭐가문제일까요...ㅠㅠ
[Whynot] [오후 3:08] 인스턴스상태도 실행중이고 삼태검사도 2/2로 전부 정상동작중인데 뭐가문제일까요...
[manuk] [오후 4:11] kis_api_helper_us 과 kis_api_helper_us_all 파일 차이가 먼가요? 
코드를 보니 거의 같은데 별 차이
없어 보이는데 차이가 있으니까 
구별을 두신건 아닌지? 
[Q.이로움] [오후 5:45] 실질적인 차이는 없을 것 같습니다
[manuk] [오후 5:49] 네 감사합니다 ^^

--------------- 2024년 11월 10일 일요일 ---------------
[투자는 게만아] [오전 8:55] 계속 공유되는 FAQ를 먼저 체크해 보셔요 :)
https://blog.naver.com/zacra/223203988739
결과적으로 FAQ에 링크되어 있으나
https://blog.naver.com/zacra/222844559692
이 포스팅 참고하시면 될 듯요 :)
[투자는 게만아] [오전 8:56] 통합증거금 사용여부로 그냥 kis_api_helper_us 사용하시면 됩니다. :)
[manuk] [오전 9:17] 감사합니다 
[오토알렌] [오전 10:57] 이더리움 잘 오르네유
[인천 작은손] [오전 11:02] 고수님들 게만아님 안전버전(비트코인)
 실행중인데 돈을 추가로 넣으면 알아서 비율이 다시 조정되는게 맞을까요? 돈을 추가로 넣었는데 변동이 없는 것 같아서요
[오토알렌] [오전 11:05] 매도후 다시 살때 조정 되더라고요
[인천 작은손] [오전 11:05] 감사합니다
[쑥스럽게 인사하는 프로도] [오후 1:59] 31번 알트코인 매매전략은 
당일의 모든 코인 데이터를 읽고 조합해야 하고, 5분에 한번씩 1시간동안 돌려야 하는데, 
혹시 AWS 프리티어 한계를 넘지는 않겠지요?
[해적] [오후 2:34] 일주일 동안 강의 듣고 그제부터 구축 성공해서 돌리고 있는데 성과 좋네요. 때마침 코인 분위기도 좋고요.   게만아님 감사드립니다.  
[해적] [오후 2:35] 코인해적단 여러분 계좌는 더 좋겠네요. 돌린 지 오래되셨을 테니
[비린이] [오후 2:40] 저는 한달반 정도 됐는데 이리저리 횡보하다보니 제대로 된 수익 난지는 얼마 안됐습니다
[해적] [오후 2:40] 코인원 안전전략 + 업비트 할트  
두 개 돌리고 있습니다.

[비린이] [오후 2:40] 화이팅입니다
[해적] [오후 2:40] 단타 하나만 있으면 딱인데 아직 능력이 부족하네유
[오토알렌] [오후 2:43] 할트 좋아요?
수익률이 어느정도?
[해적] [오후 2:44] 할트 구축은 어제 성공했는데 세 코인 매수됐고  25% / 25% / 7%
[해적] [오후 2:44] 대장 비트코인이 좋으니  나머지도 힘을 받나봐유
[해적] [오후 2:45] 처음이라 소액으로 들어갔는데 아꿉네유
[해적] [오후 2:45] 그래도 수익에 감사해야죠.     밤새 잠을 자는 동안에도 일을 해주니
[해적] [오후 2:46] 주식보다 코인이 좋은 점이 많네요.       
[코딩하자] [오후 2:46] 비코가 많이 올라가네요 ㄷㄷ
[해적] [오후 2:46] 코인 안정화 되면  주식 강의도 듣고 구축해야겠어요
[해적] [오후 2:46] 비트코인 큰 5파라고들 얘기하더라고요.
[해적] [오후 2:47] 근데 프리티어로  이 모든 걸 감당되려나 모르겠어요
[해적] [오후 2:47] 게만아님은 한 30개쯤 돌리고 계실 듯 ㅋㅋ
[해적] [오후 2:49] 이 방에 개발자 분들 많을 것 같네유 왠지 ㅎㅎ
[꿀따리] [오후 2:53] 저는 계정 10개정도 서버 3개정도 굴리고있는데 
[꿀따리] [오후 2:53] 금액이 크고 계정이 많으면 
[꿀따리] [오후 2:53] 서버에 조금 투자하시는것도
[해적] [오후 2:53] 그러겠네요 ㅎㅎ
[꿀따리] [오후 2:53] 나쁘지않을것같아요 
[해적] [오후 2:53] 돈이 벌리는데 그 정도 투자는 
[해적] [오후 2:54] 일단 신경 안 쓰고 방치하는 게 넘 좋네유
[해적] [오후 2:55] 아 빗썸은 거래 수수료가 아주 사악하던데
[꿀따리] [오후 2:55] 지금은 장이좋아서 
[꿀따리] [오후 2:55] 공부 계속하시면서
[꿀따리] [오후 2:55] 엣지만들면 좋을것같습니다.
[해적] [오후 2:56] 감사합니다.   
[힙합맨 제이지] [오후 3:24] 안녕하세요 @투자는 게만아 님  2025년 투자클래스 제작중이라고 블로그에서 봤는데 지금 클래스101에있는 2024 리뉴얼 버전과 많이 다른건가요?
[Joseph] [오후 4:07] 기대됩니닷 
[Joseph] [오후 4:07] 이모티콘
[투자는 게만아] [오후 9:19] 지금 준비중인 것은 보셨던 https://blog.naver.com/zacra/223640239688
포스팅에 나와 있고 
현재 리뉴얼 버전 설명 링크도 https://blog.naver.com/zacra/223404688692 함께 있으니
체크해 보시면 될 것 같습니다. :)


[투자는 게만아] [오후 9:25] 아무튼 지금 준비중인 것은 구독클래스(챕터4까지), 평생소장클래스(챕터8까지)로 구성되어 2개가 서비스될 예정이며
미니클래스 성격이 큽니다. 

특히 구독클래스는 무료로 추가되는데 (물론 구독자입장에서요) 
파이썬 몰라도 서버 세팅 안해도 되는 클래스입니다.
파이썬 설치만 해서 백테스팅 도구와 매매타이밍 알려주는 도구만 제공해서
직접 손매매를 하는 클래스입니다.

즉 자동매매영역까지는 가기 힘들어하는 초보자들 대상으로 
누구나 편하게 듣기 좋지만 실용성은 넘치는 클래스로
월부 ETF클래스 ( https://link.weolbu.com/4dW47Gy )랑 유사한 구성이라고 이해하시면 되고요.

[투자는 게만아] [오후 9:26] 제작 중인 평생소장클래스는 구독클래스(챕터4까지)를 포함하면서 추가로 챕터5~8까지 있는데
자동매매영역으로 넘어오는 클래스입니다.
즉 구독클래스(챕터4까지)들어도 충분하지만 거기서 다룬 전략을
자동매매로 편하게 굴리고 싶다면 넘어오면 됩니다. 파이썬 몰라도 굴릴 수 있게끔 서버세팅 정도만 하고 업비트,빗썸,코인원 봇을 제공합니다.  (사실 이 방에 계신 분들은 모두 세팅이 끝난 상태이긴 하겠죠 )
물론 서버세팅까지 끝냈다면 제 다른 컨텐츠들(패키지 코드)도 활용이 가능해지는 상태가 되겠죠.

[투자는 게만아] [오후 9:26] 다루는 전략은 오직 이평선을 조합해서 활용하는 클래스인지라.
기존 클래스와 컨텐츠들 보다 먼저 들으면 좋은 클래스로 이해하시면 됩니다.
즉 겹치는 부분이 있을 수 밖에 없지만 완성된 봇은 제공된 적 없는 봇이기 때문에
기존 패키지 구매자님이나 클래스 완강자님들도 들어셔도 리마인드 차원에서 
(24년 11월 기준으로 서버세팅도 해보니까요) 나쁘진 않을 것 같은데
사실 잘 하시는 분들은 기존 코드들을 조합해 직접 만들 수 있는 심플한 내용이기도 합니다.
따라서 무료 클래스(구독버전)을 먼저 듣고 “이거 구현 바로 가능하겠는데?” 하시면 굳이 평생소장 클래스 구매하실 필요 없이
그냥 직접 구현해서 자동매매하시면 됩니다 (물론 이 전략이 마음에 드셔야겠죠 ㅎ) 
[투자는 게만아] [오후 9:27] 아무튼 제작중인지라 완성도는 더 높여볼 생각이며 자세한 건 오픈되면 다시 알려드릴게요.
복잡한데 요약하면 지금 제작중인 클래스는… 결정적으로 파이썬을 몰라도 되는 클래스로 준비중이고요.
왜 시리즈 영화에 프리퀄 영화가 나올 때가 있잖아요?
그래서 더 많은 분들을 위한 프리퀄 스타일의 클래스다 라고 이해하시면 무난할 듯 합니다 :)

프리퀄 클래스 듣고나면 더 많은 자동매매 전략이나 파이썬을 배우고픈 니즈가 생길 수 있는데
이는 지금 현재 서비스중인 클래스나 패키지 코드등으로 넘어오면 되는 거니깐
상호 보완적인 클래스입니다. :)
[Whynot] [오후 9:52] 안녕하세요! 질문이있습니다.

새로 만든 전략으로 검증할 때 전략이 가치가있다는 판단을 할 수있는 기간이 어느정도되야할까요? 뚜렷한 답은 없겠지만... 혹시 여기 계신분들은 어떻게생각하시나해서 여쭙습니다!
[로버] [오후 10:03] 10년 백테를 해도 한달만에 나가 떨어질 수 있습니다
[초롱초롱 튜브] [오후 10:04] 하락장에 있는 기간 대략 3개월에서 7개월정도 백테스팅해서 수익률 괜찮으면 지금 상승장이니까 상승장에도 수익률 높게 나오지 않을까요??

--------------- 2024년 11월 11일 월요일 ---------------
[부끄러운 어피치] [오전 6:11] 컴퓨터는 검색만  가능하고   영어는 알파벳만  아는수준  코딩은 당연 모르고
나이가  들어  자동매매봇으로  코인거래를  해볼까  하고  블러그에서  코드를  무작정  구매하고   파이썬  공부를
해보았네요 ᆢ  공부를  몇일하고
이정도  하면  이해는 하려나
하고  코드를  보니  깜깜하네요
내친김에  클래스101구독을
했는데 ᆢ   나에겐  너무  어지러운  공부에요
아마죤 서버  만드는데
하루 15~20시간씩  블로그  gpt랑  씨름하여  5일만에
되더군요
강의 내용  듣고  그런거구나!
그렇구나!  다음  복호화를
해보려니   어지럼증 부터
생기고  저걸 어떻게  조합을
해야 하는지 막막해서
그냥 접어  두었네요

게만아님  이건  제  개인적  생각입니다만
저같은 사람이  할수 있는
좀더  쉬운  강의는 없는지요?

세상살아온  연륜인지
게만아님  강의보면  무언가
열심히  가르쳐 주고 싶어
하는것  같은데  뭔가
빠진듯  아쉬움이  많네요

그리고 저같은 초짜가  배우기엔
어려운것보다  어지러움증이
생깁니다     하루 10시간 이상씩
다시  돌리고 느리게 돌리고
따라  해보려 하는데ᆢ
몸만 아프고  허리 어깨 무릅ᆢㅋ
오늘은  온몸이  아프네요

어느것이 부족한걸까요
이나이에 기역해서는 못할거 같고
gpt도움 받아서  하나라도
간단하게 라도 만들어 볼수
있는  공부가  있는지요?
[오토알렌] [오전 7:39] 그래도 열정이 대단하십니다!!!
파이팅입니다!!
[퇴근하는 프로도] [오전 7:49] 이모티콘
[blueship] [오전 7:52] 1년 전에 강의 수강하고 멈춰있다가  얼마전 부터 환경구축하고 하나씩  돌리기 시작한 1인입니다. 이게 시간이 필요한 공부입니다.  못따라갈 일인가 하면 그것도 아니에요.서버 세팅하신 것처럼요.  요새는 지피티나 클로드 덕에 코드를 이해하거나 변형하기  너무 편해졌습니다. 쉬운 강의를 찾으시는 것보다 지금 도전하시는 과정은 시간이 필요한 일이니 조급해 마시고 꾸준히 이대로 접근 하시면 곧 나아질 겁니다. 
[투자는 게만아] [오전 8:03] 스크롤 올리시면 현재 신규 준비중인 클래스에 대한 이야기가 나오는데 그 클래스도 도움이 되실 것 같습니다 :) 
일단 접어두기엔 거의 다 하셨습니다. 암호화 부분은 굳이 하지 않고 직접 키를 입력하시면 되니깐 바로 자동매매할 수 있는 환경이 완료가 된 셈이구요 :)
초보자시라면 어떤 분야던 처음 몇 개월은 고통의 기간입니다. 어렵고 모르는거 투성이니까요.
이게 시간이 지나면 나아집니다. 
인생의 대부분의 문제는 마음의 속도를 몸의 속도가 못 따라가서 발생하는데 마음의 속도를 늦추고 조금씩 진행하시면 대부분의 문제는 해결됩니다.
당장 일주일 내에 혹은 한달 내에 문제를 해결하고 싶다는 마음의 속도를 늦춰서 3개월, 6개월로 잡고 천천히 따라와 보셔요. 응원합니다 :)
[투자는 게만아] [오전 8:05] 사진
[불금 네오] [오전 8:49] 5일 만에 성공하신 게 대단한데.. 접어두기엔 이른 감이 있으시네요ㅎㅎ
[부끄러운 어피치] [오전 8:51] 네  거기 까지는 했는데  하단에
코드를  해보려다  휴식중입니다
몸살덕에요 ᆢ ㅎㅎ
[부끄러운 어피치] [오전 8:57] 모두들  응원해주셔서  감사합니다
나이 60이  넘어서 이걸  하는게
맞는지  고민도 되더라고요 
너무  힘들어서  입이 트고  주변사람들이  미쳤냐  하는데
게만아님  글처럼   배워두면  평생을
써먹을거  같은데   너무 어렵네요
돌아서면  잊어버리는 머리가
원망스럽고ᆢ   책상을  떠나면
하던것을  잊어버리니  오랜시간
앉아 있게되요   죽을둥 살둥ᆢ
모두  감사합니다  더  노력할게요
모두  성공하세요~!!!

[부끄러운 어피치] [오전 8:59] 감사합니다~^^
[눈물 흘리는 제이지] [오전 9:02] 열정이 대단하십니다 게만아님 강의 무한반복 그리고 판다스 데이터프레임의 이해 등등 저도 아무것도 모르는상태로 책도보고 유튜브도해보고 코드도 직접짜보고 하였습니다
[mornian_모니안] [오전 9:04] 저도 50가까이에 와서 일본어 공부를 시작했는데 히라가나 가타카나 외우는것부터가 고역이었습니다..
돌아서면 까먹고 돌아서면 까먹고...그래두 매일 조금씩 3년정도 공부했더니 이제 읽고 있는 책은 많이 쉬워졌어요 ㅎ
그리구 몇개월전부터 자동매매와 파이썬 공부 시작했는데 첨엔 뭐가뭔지 모르겠던데 지금은 좀 낫네요...
조금씩 조금씩 나아가는 그 힘이 쌓이면 엄청 커진다는걸 느끼고 있습니다 ㅎ
[오토알렌] [오전 9:07] 저도 게만아님 코드 
한줄한줄 이해하고,
약간 커스텀 하는 수준인데,

코딩이 이해없이 매매 돌리다가는
위험할수 있겠다는 생각 듭니다

소액으로 하시면서,
전체가 이해가 되셨을때
증액하시길 권유드립니다요.
[엄지척 제이지] [오전 10:57] 삭제된 메시지입니다.
[엄지척 제이지] [오전 11:00] 안녕하세요. 강의 수강하면서 파이썬 처음 해보고 있습니다.
비쥬얼 스튜디오에서
ModuleNotFoundError: No module named 'ende_key' 에러가 나서 터미널에 pip install ende_key 입력해보았는데 ERROR: Could not find a version that satisfies the requirement ende_key (from versions: none)
ERROR: No matching distribution found for ende_key
이렇게 나옵니다, 뭘 잘못한건지 찾아봐도 잘 모르겠습니다. 도움 부탁드려요
[Jay-G's beer time] [오전 11:05] ende_key는 패키지가 아니라 만드셔야 되는 모듈이에요. 가진 access and secret key 암호화 키를 저장하는 용도... 아니면 코인 관련 강의 chapter 7에 보면 만드는 법 나와 있는듯요
[해적] [오전 11:06] 암호화 안 하고 그냥 진행해도 다고요
[해적] [오전 11:06] 되고요
[해적] [오전 11:06] 전 귀챃아서 그냥 진행
[엄지척 제이지] [오전 11:06] 강의 보면서 ende_key.py랑 my_key.py는 만들어 놓았는데요. import ende_key 줄에서 에러가 나요. 일단 저도 그냥 암호화 안하고 해보겠습니다. 감사합니다

[Systrader97] [오후 1:31] 안녕하세요^^ 업비트 할트전략 게만아님 버전 구매해서 사용하시는 분께 여쭙습니다.
크론탭 아래와같이 두개 설정하면 되는게 맞을까요?

0 16 1 * * python3/var/autobot/MakeUpbitFindMa500.py

*/5 0 * * * python3/var/autobot/GMA_UpbitHalt_S_botV2.py
[Systrader97] [오후 1:31] + MakeUpbotDataForHaltTest는 안돌려도 되는건지 여쭙습니다.
[초롱초롱 네오] [오후 1:53] https://notify-bot.line.me/closing-announce
[초롱초롱 네오] [오후 1:54] 라인알람서비스가 종료된다는 내용인가요?
[회사를취미로다니자] [오후 1:54] 네 맞아요
[회사를취미로다니자] [오후 1:54] 25년 3월31일
[회사를취미로다니자] [오후 1:55] 그래서 게만아님이 디스코드랑 스택이랑 카카오로 오게하는거 블로그에 올려듀셨어요
[문대경(매니아)] [오후 1:55] https://notify-bot.line.me/closing-announce

[눈물바다에 빠진 라이언] [오후 2:01] 텔레그램도 디스코드도 웹훅 달아서 보내는건 똑같애서 어렵지않습니다 ㅎㅎ 차근차근 따라하시면 되요

[비기너] [오후 2:21] 숏 etf 헷징 하는 부분을
[비기너] [오후 2:21] 삭제 하시면 됩니다
[비기너] [오후 2:21] 부분 손절 하는부분도
[비기너] [오후 2:21] 무조건 0% 이상일때만
[비기너] [오후 2:21] 하시면되구요
[회사를취미로다니자] [오후 2:32] 저도 v2이거하는데 궁금한게
양방향인데 sqqq랑 soxl반대 그거 사는경우를 못봤어요 ㅎㅎ
올해 계속 올라서그런가
[blueship] [오후 2:33] 올해 계속 올라서 그렇겠죠.
[비기너] [오후 2:33] 메 저는 삭제했던이유가
[회사를취미로다니자] [오후 2:34] 네네
[비기너] [오후 2:34] 작년에 레버리지 버전1부터 7월부터 돌리고 했는데 손해 보고 시작해서
[비기너] [오후 2:34] 결국 산타랠리에 벌긴 했어도
[비기너] [오후 2:35] soxl 변동성에 무의미하다 싶기도 했고
[비기너] [오후 2:35] 손해보는 타이밍이 아깝다란 생각과 결국 오르는거 보고 손절은 다 없앴습니다
[해적] [오후 2:36] 미국장은 신이니까 ㅋㅋ
[비기너] [오후 2:36] 나스닥의 변동성만으로도 벅차다란
[비기너] [오후 2:37] 생각과 안정성 추구하면서  레버리지 하고싶다 물려도 걱정없는 종목
[비기너] [오후 2:37] s&p로 갈아탄거구요
[회사를취미로다니자] [오후 2:44] 의견감사합니다
[회사를취미로다니자] [오후 2:44] 이제비기너라는 이름을 엑스퍼트로 바꾸셔야할 때가 되었습니다
[비기너] [오후 2:49] 이제시작인걸요
[해적] [오후 4:01] 파이선 노비 2명 열라 일하고 있네유 ㅋㅋ
[해적] [오후 4:01] 노비 30명 마련하는 그날까지 화이팅
[회사를취미로다니자] [오후 4:05] 전 3명운영중인데
오늘 다섯의 노비를 추가할 예정입니다
[해적] [오후 4:06] ㅋㅋㅋ   부럽당
[해적] [오후 4:06] 추노해야징 ㅋㅋ
[blueship] [오후 4:14] 저사양 노트북에 우분투 서버 깔아서 운용하시는 분 계신가요? 전기요금이 얼마나 나올지..
[자동매매가즈아] [오후 4:37] 다들 돌릴때 새계좌해서 추가해서하시나요
[비기너] [오후 4:37] 금액을 고정하거나
[비기너] [오후 4:38] 통합계좌 비율을 맞춥니다

[자동매매가즈아] [오후 4:38] 오호
[해적] [오후 4:39] 노트북은 IP 바뀌는 문제 등이 있을 것 같네유.   가정 전기 중단 문제도 있을 수 있고요.  
[해적] [오후 4:39] AWS 가 마음 편한 것 같아유
[해적] [오후 4:40] 공유기가 뻑날 수도 있고 등등등

[엄지척 제이지] [오후 6:11] 봇에서 목표로하는 티커의 잔고 수량이 0인 경우를 조회해서, json 파일 자체를 삭제하고 싶은데 삭제 코딩은 어떻게 해야하나요? 검색 능력이 부족해서 찾지 못하고 있어요.. 봇에서 트레이딩을 시작하는 직전에 한번 조회해서 json 파일을 리셋하려고 하거든요.
[엄지척 제이지] [오후 6:11] if myUpbit.IsHasCoin(balances,coin_ticker) == False: 이 다음에 어떻게 입력해야 하나요?




[네오] [오후 7:31] 라인notify서비스가 discontinued된다고 연락왔네요
[네오] [오후 7:36] 아 게만아님이 해결방법을 블로그에올려놓으셨네요
[퇴근하는 프로도] [오후 7:40] 갓 게만아님
[퇴근하는 프로도] [오후 7:40] 이젠 카톡으로 받아보아요
[신난 어피치] [오후 7:55] 질문드립니다
빗썸 계정 두개를 돌리려면 mybithumb.py 기존 파일에 외에 추가로 mybithumb-1.py 같이 파일을 하나 더 만들고 자동봇 코드에도 mybithumb를 mybithumb-1로 코드 수정해서 사용하면 되는거 맞나요?
[네오] [오후 8:08] 재 저장된 값들:  {'error': 'invalid_client', 'error_description': 'Not exist client_id [여러분의 REST API값]', 'error_code': 'KOE101'}
액세스 토큰 재발급!! 
Traceback (most recent call last):
  File "/var/autobot/make_kakao_token.py", line 44, in <module>
    "refresh_token": Tokens['refresh_token']
KeyError: 'refresh_token'
[네오] [오후 8:08] 카카오톡 메시지 전송하려고 하니까 이런 에러가 뜨는데 왜그런걸까요? rest api도 똑같이 넣었는데..
[투자는 게만아] [오후 8:20] crontab에 추가 등록을 말씀하시는 거죠? 네 맞습니다 :) 
[투자는 게만아] [오후 8:21] [여러분의 REST API값]' <- 이게 보이는 걸로 봐서 입력이 안된듯 보이는데 카톡은 난이도가 높고 활용도가 떨어져 (내게 메시지가 오는 구조인데 알림도 안오고 아무튼 좀 애매한 구석이 있더라고요) 다른 것부터 연동 확정해놓고 추가 옵션으로 접근해보는 것을 추천드려봅니다~~
[투자는 게만아] [오후 8:28] 굳이 코드로 json 파일 삭제를 할 필요는 없을 것 같습니다. 잔고 수량이 0인 경우를 조회해서 하고자 하는 것이 리셋인거 같은데 그럼 리셋을 (데이터수정) 코드로 하면 됩니다. (어떤 전략인지 모르겠지만요 ) 
파일 저장 관련해서는 코인 챕터 8이나 https://blog.naver.com/zacra/222862054424 이 포스팅 체크해 보셔요 :)
[투자는 게만아] [오후 8:29] 라인 노티파이 서비스 종료로 인한 대응은 https://blog.naver.com/zacra/223622479916 이 포스팅 참고하셔요 :)

[게만아자동투자] [오후 9:07] 안녕하세요~:)
[뿌사리] [오후 9:44] 사진
[뿌사리] [오후 9:44] GMA_Upbit_BTC_ETH_New_Bot_FixV_danta.py 를 돌리고 있는데 이러한 오류가 뜨면서 현재 비트하고 이더리움이 안돌아가네요 저게 어떤거에 대한 에러인가요? 따로 뭐 수정해야할 것이 있는지
[투자는 게만아] [오후 10:07] myUpbit.py가 최종버전이 아닌것 같아요. 챕터11-3이나 이 구글 드라이브 링크를 체크하셔요 https://drive.google.com/drive/folders/1cTRATmFwHuKDz-hEa-DP4lBblzdxK0YM?usp=sharing
[투자는 게만아] [오후 10:09] 추가적으로 저 단타 버전은 본인만의 단타 전략으로 변형할 것이 아니라면 전략 자체를 정말 예시로 만든거라 (손절로직도 없습니다) 저는 사용하지 않으니 참고하셔요 :)
[it's me] [오후 10:40] @꿈에그린자동매매 처음에 제가 생각해 본 로직 쓰다가 선생님이 말씀해 주신 전략을 고민고민하다 어제 저녁에 제 나름의 로직을 적용했는데 덕분에 하루만에 10% 수익이 났습니다 아직 완성된 전략은 아니지만 너무 감사한 말씀 드리고 싶어요!!
[하트뿅뿅 라이언] [오후 11:17] 안전봇 계속 쓰시는 분 있나요? 요즘 비트가 쭉쭉 오르는데 매수를 안하고 있어서..저만 그런가요
[으쓱으쓱 어피치] [오후 11:27] @투자는 게만아 게만아님, 코스닥피 투자비중은 통합계좌없이 운영한다면 0.7까지 가능한건지요?
[호호 부는 튜브] [오후 11:32] @투자는 게만아 게만아님 snow_Kr 코드확인중인데 블로그에서는 모멘텀 점수를 구한후 공격자산 2개에 투자한다고 되어있는데 실제 코드는 모멘텀 점수를 구해서 1개만 투자하는 걸로 되어있네요...

--------------- 2024년 11월 12일 화요일 ---------------
[코딩하자] [오전 12:31] 9, 10월달은 암호화폐 시장이 좋은편인거죠?
[해적] [오전 12:56] 트럼프가 암호화폐에 긍정적이라。。。
[불금 네오] [오전 1:03] 자신을 비트코인 대통령이라 칭했죠 ㅋㅋ
[코딩하자] [오전 1:11] 아 ㅎㅎ 어쩐지.. 자동매매가 잘 되는 느낌이더라구요 ㅎㅎ 
[회사를취미로다니자] [오전 3:34] t2.micro 무료버전에서
혹시 봇 몇개까지 돌아갈까요?
1분에 하나씩돌게 이미 세개돌고있고
어제 세개추가했는데
자꾸 서버가 멈추네요
개별기동에는 문제없는데 ㅜㅜ
[오토알렌] [오전 7:25] 사진
[오토알렌] [오전 7:26] 이런게 왔네요?
[이리안] [오전 7:31] 참고해주세요
[비트주세요] [오전 7:58] 어제 텔레그램 처음 다운받고 변경했는데 라인을 먼저 연결해봐서그런지 어렵지 않게 변경 가능했습니다~ 다들 넘어오세용 ㅋ
[하트뿅뿅 라이언] [오전 8:56] 안전봇 쓰시나요? 전 뭐가 잘못됐나..왜 매수를 안하는지 모르겠어요ㅠ
[엄지척 튜브] [오전 8:57] 요 며칠 시작하신거면 rsi 때문에 안사는게 아닐까요
[와이디y] [오전 9:07] 맞아요 요즘 비트 매수 안된 것은 rsi가 높아서 매수가 안된 거에요.
이평선이 돌파함과 동시에 rsi 70 밑이어야 매수가 됩니다. 최근 이런 적이 없었는데 하필 이걸 비켜간 뒤로 비트가 잘나가네요 아쉽게도 ㅎㅎ
[헤이훈] [오전 9:12] 이런 경우는 그냥 수동으로 매수해도 별문제는 없을 것 같은데요
[와이디y] [오전 9:42] 그렇긴 하죠 ㅎ 하지만 앞으로도 기회는 많을거라 생각합니다
[코딩하자] [오전 9:45] 앗 저는 자체개발한 것으로 사용중입니다. 안전봇에서 전략을 변경하는 방법으로 2개월간 테스트 했더니 실력부족으로 계속 마이너스ㅠㅜ 
[택배 상자를 든 네오] [오전 9:47] 저는 안전 7, 할트 3 비율로 하는데 며칠동안 할트 전략이 성적이 좋네요 어제 밤사이에 거의 70% 오른거도 있고
[해적] [오전 10:09] 2대5요
[해적] [오전 10:11] 5대5 적당하네유
[빨래터] [오전 10:30] 라인 대체하시는 분들 텔레그램 슬랙 디스코드 중에 제일 가볍고 편리한 앱이 있을까요? 다 비슷비슷한가요
[코딩하자] [오전 10:38] 어떤게 제일 가벼운지는 잘 모르겠지만, 텔레그램 편리하고 좋습니다!
[훈련병] [오후 12:58] 사진

[해적] [오후 2:31] 세계 탑 클래스 시장이죠. 국장은 ㅋㅋㅋ
[해적] [오후 2:52] 미장 : 번 돈의 22프로를 가져감.
국장 : 투자금의 22프로를 가져감.
[꿀따리] [오후 2:55] ㅋㅋㅋㅋ
[중용] [오후 2:59] (헉)
[해적] [오후 5:13] 비주얼 스튜디오 코드에서 f5 를 누르면 자꾸 디버거가 실행되는데 이거 설정 끄는 방법이 있을까요.
[해적] [오후 5:14] CTRL + F5  말고  원래대로 F5 로 실행하고 싶습니다
[해적] [오후 5:19] 찾았습니당 ^^   
[해적] [오후 5:39] 사진
[해적] [오후 5:39] 국장 탈출 행렬..
[북헤븐/2203/해외] [오후 5:50] 인구가 작아서 내수가 약하고, 그러다 보니 소규모 개방경제를 할 수 밖에 없는 나라이고, 그러다 보니 글로벌 경기흐름에 민감하게 움직이고, 그러다 보니 장기투자보다 낄낄빠빠를 해야 하는 사이클 흐름을 가지고 있고, 거기다 배당따윈 안 하는 한국기업 특징때문에 장기투자는 더더욱 의미 없어지는....
[Joseph] [오후 7:20] 안녕하세요!! 
오늘 낮시간동안 aws EC2 접속이 안되서 복구하느라 애먹었네요.. 
“포트 22(SSH)가 모든 IPv4 주소에 개방되어 있음” 문구와 함께… 
혹시 저처럼 안되셨던 분들 참고하세요. 
저랑 같은 증상이 있으신 분 있으셨나요? 

[Joseph] [오후 7:20] 사진
[Joseph] [오후 7:20] 사진
[Joseph] [오후 7:20] https://blog.naver.com/zacra/222856693491
[Joseph] [오후 7:20] 사진
[Joseph] [오후 7:20] 사진
[Joseph] [오후 7:20] 게만아님 포스트도 해보았습니다. 
서버 문제라 바로 바로 문제해결은 안된거 같지만 게만아님 포스트가 많이 도움이 된거 같습니다. 

오늘 하루종일 안돌아가서 … 하아.. 토큰 다시 받고 .. 이제 돌아가네요.. 

[Joseph] [오후 7:20] 사진
[Joseph] [오후 7:20] 아직도 이런 보안 관련 이슈가 있는데 .. 이것까진 .. 모르겠네요. 
[하나돌] [오후 7:52] 안녕하세요 ^^
[하나돌] [오후 7:55] 문의 드립니다. 코인_매직스플릿_자동매매 사용하고 있는 자동 실행 했는데 저동으로 매수한 코인 저가 강제로 중단하고 저가 직접매도하고 프로그램 다시 실했는데 프로그램은 아직 매수 상태로 인식하고 있습니다. 이거 초기화 하는 방법 있나요?
[회사를취미로다니자] [오후 8:00] json 삭제 추천이요
[회사를취미로다니자] [오후 8:00] json 수정후 재업로드도 좋아요
[하나돌] [오후 8:02] 네 감사합니다.^^
[Joseph] [오후 8:45] 사진
[Joseph] [오후 8:45] 이런 문자가 왔는데 .. 신종 보이스 피싱일까요??
[종호] [오후 8:45] 네
[종호] [오후 8:45] 피싱이에요
[신나는 프로도] [오후 8:45] 완전..ㅋㅋ 
[Joseph] [오후 8:45] 이모티콘
[신나는 프로도] [오후 8:46] 나 피싱 입니다. 클릭해 주세요 라고 하는듯 해요 
[Joseph] [오후 8:46] 삭제된 메시지입니다.
[Joseph] [오후 8:46] 클릭해서 들어가 버렸는데 .. 
[Joseph] [오후 8:46] 정보유출될까요?? 
[신나는 프로도] [오후 8:46] 일단 V3 모바일 버전이나 다른거 한번 돌려 보시구요 
[신나는 프로도] [오후 8:47] 텔레그램을 PC로 접속해서 
[신나는 프로도] [오후 8:47] 다른데 텔레그램 접속 한 이력 있는지 확인해 보심이 좋아요 
[신나는 프로도] [오후 8:48] 텔레그램 > 설정 > 개인 정보 및 보안 > 활성화된 세션 > 기기목록 확인
[Joseph] [오후 8:49] 네 
[Joseph] [오후 8:49] 감사합니다 
[Joseph] [오후 8:49] 오늘 아주 힘든 날이네요 
[Joseph] [오후 8:49] 이모티콘
[Joseph] [오후 8:49] 이모티콘
[Joseph] [오후 8:57] 우선 쓰지않는것들은 다 지우고 v3도 설치해서 돌려놨습니다 
[Joseph] [오후 8:58] https://blog.naver.com/zacra/223015383268
[Joseph] [오후 8:59] 이것도 크론탭에 등록해 놨어요 .. 수익은 그렇게 나고 있진 않지만 .. 하루 서버 문제가 생기니 .. 회사에서 일하면서 바빠서 보지도 못하고 
[Joseph] [오후 8:59] 흐엥
[비기너] [오후 9:04] 사진
[비기너] [오후 9:04] 저도왔네요
[해적] [오후 9:16] ㅋㅋㅋ  텔레그램인데 텔레그램으로 안 보내고 ㅋㅋ
[해적] [오후 9:16] 아오 진짜 사기꾼의 나라
[해적] [오후 9:17] 게만아님 노비가 몇 명이여 ㅎ
[Joseph] [오후 9:21] 게만아님 노비요?? 
[Joseph] [오후 9:21] 맞아요 
[Joseph] [오후 9:21] 저는 게만아님의 노비 
[해적] [오후 9:24] 아 서버 상의 노비요 ㅋㅋ
[해적] [오후 9:24] 추노 열라 하고 있는데 아직 두 명밖에...
[Whynot] [오후 9:40] 안녕하세요 질문있습니다.

업비트 할트전략에서 블로그보니, 수동으로 직접 약 20개의 알트코인목록을 찾으신것 같습니다, 혹시 이걸 자동으로는 못하나요?
[눈물 흘리는 제이지] [오후 9:41] 네
[눈물 흘리는 제이지] [오후 9:41] Api가없어서 못하신걸로 알아요 
[눈물 흘리는 제이지] [오후 9:42] Api가있는걸로 하시면 하실수도 즉 거래대금 이든 그런기준으로
[Whynot] [오후 9:50] 네, 감사합니다1
[Whynot] [오후 9:50] !